#
# There is insufficient memory for the Java Runtime Environment to continue.
# Native memory allocation (mmap) failed to map 130023424 bytes for G1 virtual space
# Possible reasons:
#   The system is out of physical RAM or swap space
#   The process is running with CompressedOops enabled, and the Java Heap may be blocking the growth of the native heap
# Possible solutions:
#   Reduce memory load on the system
#   Increase physical memory or swap space
#   Check if swap backing store is full
#   Decrease Java heap size (-Xmx/-Xms)
#   Decrease number of Java threads
#   Decrease Java thread stack sizes (-Xss)
#   Set larger code cache with -XX:ReservedCodeCacheSize=
#   JVM is running with Unscaled Compressed Oops mode in which the Java heap is
#     placed in the first 4GB address space. The Java Heap base address is the
#     maximum limit for the native heap growth. Please use -XX:HeapBaseMinAddress
#     to set the Java Heap base and to place the Java Heap above 4GB virtual address.
# This output file may be truncated or incomplete.
#
#  Out of Memory Error (os_windows.cpp:3825), pid=10268, tid=2944
#
# JRE version:  (17.0.9+7) (build )
# Java VM: OpenJDK 64-Bit Server VM (17.0.9+7-b1087.9, mixed mode, sharing, tiered, compressed oops, compressed class ptrs, g1 gc, windows-amd64)
# No core dump will be written. Minidumps are not enabled by default on client versions of Windows
#

---------------  S U M M A R Y ------------

Command Line: git4idea.http.GitAskPassApp Username for 'https://github.com': 

Host: 11th Gen Intel(R) Core(TM) i5-11300H @ 3.10GHz, 8 cores, 7G,  Windows 10 , 64 bit Build 19041 (10.0.19041.3636)
Time: Fri Feb  2 23:41:29 2024  Windows 10 , 64 bit Build 19041 (10.0.19041.3636) elapsed time: 0.010521 seconds (0d 0h 0m 0s)

---------------  T H R E A D  ---------------

Current thread (0x000002854bc22650):  JavaThread "Unknown thread" [_thread_in_vm, id=2944, stack(0x000000a3a1c00000,0x000000a3a1d00000)]

Stack: [0x000000a3a1c00000,0x000000a3a1d00000]
Native frames: (J=compiled Java code, j=interpreted, Vv=VM code, C=native code)
V  [jvm.dll+0x688349]
V  [jvm.dll+0x841bfa]
V  [jvm.dll+0x84383e]
V  [jvm.dll+0x843ea3]
V  [jvm.dll+0x24bdef]
V  [jvm.dll+0x6850f9]
V  [jvm.dll+0x67988a]
V  [jvm.dll+0x30cbfb]
V  [jvm.dll+0x3140a6]
V  [jvm.dll+0x363ede]
V  [jvm.dll+0x36410f]
V  [jvm.dll+0x2e29c8]
V  [jvm.dll+0x2e3934]
V  [jvm.dll+0x812771]
V  [jvm.dll+0x371d41]
V  [jvm.dll+0x7f12bc]
V  [jvm.dll+0x3f59cf]
V  [jvm.dll+0x3f7601]
C  [jli.dll+0x528f]
C  [ucrtbase.dll+0x21bb2]
C  [KERNEL32.DLL+0x17344]
C  [ntdll.dll+0x526b1]


---------------  P R O C E S S  ---------------

Threads class SMR info:
_java_thread_list=0x00007ffa10d3df18, length=0, elements={
}

Java Threads: ( => current thread )

Other Threads:
  0x000002854bc7abe0 GCTaskThread "GC Thread#0" [stack: 0x000000a3a1d00000,0x000000a3a1e00000] [id=4392]
  0x000002854bc8b1b0 ConcurrentGCThread "G1 Main Marker" [stack: 0x000000a3a1e00000,0x000000a3a1f00000] [id=5328]
  0x000002854bc8bbd0 ConcurrentGCThread "G1 Conc#0" [stack: 0x000000a3a1f00000,0x000000a3a2000000] [id=10816]

[error occurred during error reporting (printing all threads), id 0xc0000005, EXCEPTION_ACCESS_VIOLATION (0xc0000005) at pc=0x00007ffa104f3597]

VM state: not at safepoint (not fully initialized)

VM Mutex/Monitor currently owned by a thread:  ([mutex/lock_event])
[0x000002854bc1c7e0] Heap_lock - owner thread: 0x000002854bc22650

Heap address: 0x0000000084c00000, size: 1972 MB, Compressed Oops mode: 32-bit

CDS archive(s) mapped at: [0x0000000000000000-0x0000000000000000-0x0000000000000000), size 0, SharedBaseAddress: 0x0000000800000000, ArchiveRelocationMode: 1.
Narrow klass base: 0x0000000000000000, Narrow klass shift: 0, Narrow klass range: 0x0

GC Precious Log:
<Empty>

Heap:
 garbage-first heap   total 0K, used 0K [0x0000000084c00000, 0x0000000100000000)
  region size 1024K, 0 young (0K), 0 survivors (0K)
 Metaspace       used 0K, committed 0K, reserved 0K
  class space    used 0K, committed 0K, reserved 0K

Heap Regions: E=young(eden), S=young(survivor), O=old, HS=humongous(starts), HC=humongous(continues), CS=collection set, F=free, OA=open archive, CA=closed archive, TAMS=top-at-mark-start (previous, next)

Card table byte_map: [0x000002855eab0000,0x000002855ee90000] _byte_map_base: 0x000002855e68a000

Marking Bits (Prev, Next): (CMBitMap*) 0x000002854bc7b200, (CMBitMap*) 0x000002854bc7b240
 Prev Bits: [0x000002855f270000, 0x0000028561140000)
 Next Bits: [0x0000028561140000, 0x0000028563010000)

GC Heap History (0 events):
No events

Dll operation events (1 events):
Event: 0.006 Loaded shared library C:\Program Files\JetBrains\IntelliJ IDEA 2023.2.2\jbr\bin\java.dll

Deoptimization events (0 events):
No events

Classes unloaded (0 events):
No events

Classes redefined (0 events):
No events

Internal exceptions (0 events):
No events

VM Operations (0 events):
No events

Events (0 events):
No events


Dynamic libraries:
0x00007ff66bde0000 - 0x00007ff66bdea000 	C:\Program Files\JetBrains\IntelliJ IDEA 2023.2.2\jbr\bin\java.exe
0x00007ffa6bf30000 - 0x00007ffa6c128000 	C:\Windows\SYSTEM32\ntdll.dll
0x00007ffa6a6a0000 - 0x00007ffa6a75d000 	C:\Windows\System32\KERNEL32.DLL
0x00007ffa69870000 - 0x00007ffa69b66000 	C:\Windows\System32\KERNELBASE.dll
0x00007ffa69600000 - 0x00007ffa69700000 	C:\Windows\System32\ucrtbase.dll
0x00007ffa5f920000 - 0x00007ffa5f937000 	C:\Program Files\JetBrains\IntelliJ IDEA 2023.2.2\jbr\bin\jli.dll
0x00007ffa59730000 - 0x00007ffa5974b000 	C:\Program Files\JetBrains\IntelliJ IDEA 2023.2.2\jbr\bin\VCRUNTIME140.dll
0x00007ffa6afc0000 - 0x00007ffa6b15e000 	C:\Windows\System32\USER32.dll
0x00007ffa69790000 - 0x00007ffa697b2000 	C:\Windows\System32\win32u.dll
0x00007ffa50520000 - 0x00007ffa507ba000 	C:\Windows\WinSxS\amd64_microsoft.windows.common-controls_6595b64144ccf1df_6.0.19041.3636_none_60b6a03d71f818d5\COMCTL32.dll
0x00007ffa6a840000 - 0x00007ffa6a86c000 	C:\Windows\System32\GDI32.dll
0x00007ffa6bda0000 - 0x00007ffa6be3e000 	C:\Windows\System32\msvcrt.dll
0x00007ffa69e60000 - 0x00007ffa69f7a000 	C:\Windows\System32\gdi32full.dll
0x00007ffa69b70000 - 0x00007ffa69c0d000 	C:\Windows\System32\msvcp_win.dll
0x00007ffa6a0c0000 - 0x00007ffa6a0f0000 	C:\Windows\System32\IMM32.DLL
0x00007ffa624a0000 - 0x00007ffa624ac000 	C:\Program Files\JetBrains\IntelliJ IDEA 2023.2.2\jbr\bin\vcruntime140_1.dll
0x00007ffa24250000 - 0x00007ffa242dd000 	C:\Program Files\JetBrains\IntelliJ IDEA 2023.2.2\jbr\bin\msvcp140.dll
0x00007ffa10200000 - 0x00007ffa10e82000 	C:\Program Files\JetBrains\IntelliJ IDEA 2023.2.2\jbr\bin\server\jvm.dll
0x00007ffa6b520000 - 0x00007ffa6b5d3000 	C:\Windows\System32\ADVAPI32.dll
0x00007ffa6b790000 - 0x00007ffa6b82f000 	C:\Windows\System32\sechost.dll
0x00007ffa6a570000 - 0x00007ffa6a696000 	C:\Windows\System32\RPCRT4.dll
0x00007ffa69de0000 - 0x00007ffa69e07000 	C:\Windows\System32\bcrypt.dll
0x00007ffa68b60000 - 0x00007ffa68bab000 	C:\Windows\SYSTEM32\POWRPROF.dll
0x00007ffa47200000 - 0x00007ffa47209000 	C:\Windows\SYSTEM32\WSOCK32.dll
0x00007ffa5f3d0000 - 0x00007ffa5f3da000 	C:\Windows\SYSTEM32\VERSION.dll
0x00007ffa599c0000 - 0x00007ffa599e7000 	C:\Windows\SYSTEM32\WINMM.dll
0x00007ffa6b2b0000 - 0x00007ffa6b31b000 	C:\Windows\System32\WS2_32.dll
0x00007ffa689d0000 - 0x00007ffa689e2000 	C:\Windows\SYSTEM32\UMPDC.dll
0x00007ffa67e00000 - 0x00007ffa67e12000 	C:\Windows\SYSTEM32\kernel.appcore.dll
0x00007ffa626d0000 - 0x00007ffa626da000 	C:\Program Files\JetBrains\IntelliJ IDEA 2023.2.2\jbr\bin\jimage.dll
0x00007ffa67b20000 - 0x00007ffa67d04000 	C:\Windows\SYSTEM32\DBGHELP.DLL
0x00007ffa4ba90000 - 0x00007ffa4bac4000 	C:\Windows\SYSTEM32\dbgcore.DLL
0x00007ffa69700000 - 0x00007ffa69782000 	C:\Windows\System32\bcryptPrimitives.dll
0x00007ffa5eff0000 - 0x00007ffa5f015000 	C:\Program Files\JetBrains\IntelliJ IDEA 2023.2.2\jbr\bin\java.dll

dbghelp: loaded successfully - version: 4.0.5 - missing functions: none
symbol engine: initialized successfully - sym options: 0x614 - pdb path: .;C:\Program Files\JetBrains\IntelliJ IDEA 2023.2.2\jbr\bin;C:\Windows\SYSTEM32;C:\Windows\WinSxS\amd64_microsoft.windows.common-controls_6595b64144ccf1df_6.0.19041.3636_none_60b6a03d71f818d5;C:\Program Files\JetBrains\IntelliJ IDEA 2023.2.2\jbr\bin\server

VM Arguments:
java_command: git4idea.http.GitAskPassApp Username for 'https://github.com': 
java_class_path (initial): C:/Program Files/JetBrains/IntelliJ IDEA 2023.2.2/plugins/vcs-git/lib/git4idea-rt.jar;C:/Program Files/JetBrains/IntelliJ IDEA 2023.2.2/lib/externalProcess-rt.jar
Launcher Type: SUN_STANDARD

[Global flags]
     intx CICompilerCount                          = 4                                         {product} {ergonomic}
     uint ConcGCThreads                            = 2                                         {product} {ergonomic}
     uint G1ConcRefinementThreads                  = 8                                         {product} {ergonomic}
   size_t G1HeapRegionSize                         = 1048576                                   {product} {ergonomic}
    uintx GCDrainStackTargetSize                   = 64                                        {product} {ergonomic}
   size_t InitialHeapSize                          = 130023424                                 {product} {ergonomic}
   size_t MarkStackSize                            = 4194304                                   {product} {ergonomic}
   size_t MaxHeapSize                              = 2067791872                                {product} {ergonomic}
   size_t MinHeapDeltaBytes                        = 1048576                                   {product} {ergonomic}
   size_t MinHeapSize                              = 8388608                                   {product} {ergonomic}
    uintx NonNMethodCodeHeapSize                   = 5839372                                {pd product} {ergonomic}
    uintx NonProfiledCodeHeapSize                  = 122909434                              {pd product} {ergonomic}
    uintx ProfiledCodeHeapSize                     = 122909434                              {pd product} {ergonomic}
    uintx ReservedCodeCacheSize                    = 251658240                              {pd product} {ergonomic}
     bool SegmentedCodeCache                       = true                                      {product} {ergonomic}
   size_t SoftMaxHeapSize                          = 2067791872                             {manageable} {ergonomic}
     bool UseCompressedClassPointers               = true                           {product lp64_product} {ergonomic}
     bool UseCompressedOops                        = true                           {product lp64_product} {ergonomic}
     bool UseG1GC                                  = true                                      {product} {ergonomic}
     bool UseLargePagesIndividualAllocation        = false                                  {pd product} {ergonomic}

Logging:
Log output configuration:
 #0: stdout all=warning uptime,level,tags
 #1: stderr all=off uptime,level,tags

Environment Variables:
JAVA_HOME=C:\path\to\your\jdk
PATH=C:\Program Files\Git\mingw64\libexec\git-core;C:\Program Files\Git\mingw64\libexec\git-core;C:\Program Files\Git\mingw64\bin;C:\Program Files\Git\usr\bin;C:\Users\keega\bin;C:\ProgramData\Oracle\Java\javapath;C:\Windows\system32;C:\Windows;C:\Windows\System32\Wbem;C:\Windows\System32\WindowsPowerShell\v1.0;C:\Windows\System32\OpenSSH;C:\Program Files\NVIDIA Corporation\NVIDIA NvDLISR;C:\Program Files (x86)\NVIDIA Corporation\PhysX\Common;C:\Program Files\dotnet;C:\Program Files\nodejs;C:\Program Files\Git\cmd;C:\Program Files\Docker\Docker\resources\bin;C:\Users\keega\AppData\Local\Microsoft\WindowsApps;C:\Users\keega\AppData\Local\Programs\Microsoft VS Code\bin;C:\Program Files\JetBrains\IntelliJ IDEA 2023.2.2\bin;C:\Users\keega\AppData\Local\Programs\mongosh;C:\Users\keega\AppData\Roaming\npm
USERNAME=keega
DISPLAY=:0.0
LC_ALL=en_US.UTF-8
TERM=xterm-256color
TMPDIR=C:\Users\keega\AppData\Local\Temp
OS=Windows_NT
PROCESSOR_IDENTIFIER=Intel64 Family 6 Model 140 Stepping 1, GenuineIntel
TMP=C:\Users\keega\AppData\Local\Temp
TEMP=C:\Users\keega\AppData\Local\Temp



Periodic native trim disabled

JNI global refs:
JNI global refs: 0, weak refs: 0

JNI global refs memory usage: 0, weak refs: 0

OOME stack traces (most recent first):
Classloader memory used:


---------------  S Y S T E M  ---------------

OS:
 Windows 10 , 64 bit Build 19041 (10.0.19041.3636)
OS uptime: 4 days 2:08 hours
Hyper-V role detected

CPU: total 8 (initial active 8) (4 cores per cpu, 2 threads per core) family 6 model 140 stepping 1 microcode 0x86, cx8, cmov, fxsr, ht, mmx, 3dnowpref, sse, sse2, sse3, ssse3, sse4.1, sse4.2, popcnt, lzcnt, tsc, tscinvbit, avx, avx2, aes, erms, clmul, bmi1, bmi2, adx, avx512f, avx512dq, avx512cd, avx512bw, avx512vl, sha, fma, vzeroupper, avx512_vpopcntdq, avx512_vpclmulqdq, avx512_vaes, avx512_vnni, clflush, clflushopt, clwb, avx512_vbmi2, avx512_vbmi, hv
Processor Information for all 8 processors :
  Max Mhz: 3110, Current Mhz: 3110, Mhz Limit: 3110

Memory: 4k page, system-wide physical 7883M (781M free)
TotalPageFile size 16075M (AvailPageFile size 180M)
current process WorkingSet (physical memory assigned to process): 11M, peak: 11M
current process commit charge ("private bytes"): 60M, peak: 184M

vm_info: OpenJDK 64-Bit Server VM (17.0.9+7-b1087.9) for windows-amd64 JRE (17.0.9+7-b1087.9), built on 2023-12-05 by "builduser" with MS VC++ 16.10 / 16.11 (VS2019)

END.
