#
# There is insufficient memory for the Java Runtime Environment to continue.
# Native memory allocation (mmap) failed to map 65536 bytes for Failed to commit metaspace.
# Possible reasons:
#   The system is out of physical RAM or swap space
#   The process is running with CompressedOops enabled, and the Java Heap may be blocking the growth of the native heap
# Possible solutions:
#   Reduce memory load on the system
#   Increase physical memory or swap space
#   Check if swap backing store is full
#   Decrease Java heap size (-Xmx/-Xms)
#   Decrease number of Java threads
#   Decrease Java thread stack sizes (-Xss)
#   Set larger code cache with -XX:ReservedCodeCacheSize=
#   JVM is running with Unscaled Compressed Oops mode in which the Java heap is
#     placed in the first 4GB address space. The Java Heap base address is the
#     maximum limit for the native heap growth. Please use -XX:HeapBaseMinAddress
#     to set the Java Heap base and to place the Java Heap above 4GB virtual address.
# This output file may be truncated or incomplete.
#
#  Out of Memory Error (virtualSpaceNode.cpp:112), pid=17468, tid=17372
#
# JRE version: OpenJDK Runtime Environment (21.0.1+12) (build 21.0.1+12-29)
# Java VM: OpenJDK 64-Bit Server VM (21.0.1+12-29, mixed mode, emulated-client, sharing, tiered, compressed oops, compressed class ptrs, g1 gc, windows-amd64)
# No core dump will be written. Minidumps are not enabled by default on client versions of Windows
#

---------------  S U M M A R Y ------------

Command Line: -XX:TieredStopAtLevel=1 -Dspring.output.ansi.enabled=always -Dcom.sun.management.jmxremote -Dspring.jmx.enabled=true -Dspring.liveBeansView.mbeanDomain -Dspring.application.admin.enabled=true -Dmanagement.endpoints.jmx.exposure.include=* -javaagent:C:\Program Files\JetBrains\IntelliJ IDEA 2023.2.2\lib\idea_rt.jar=54524:C:\Program Files\JetBrains\IntelliJ IDEA 2023.2.2\bin -Dfile.encoding=UTF-8 -Dsun.stdout.encoding=UTF-8 -Dsun.stderr.encoding=UTF-8 org.example.DataAnalyserMicroserviceApplication

Host: 11th Gen Intel(R) Core(TM) i5-11300H @ 3.10GHz, 8 cores, 7G,  Windows 10 , 64 bit Build 19041 (10.0.19041.3636)
Time: Thu Jan 25 20:05:38 2024  Windows 10 , 64 bit Build 19041 (10.0.19041.3636) elapsed time: 1.147787 seconds (0d 0h 0m 1s)

---------------  T H R E A D  ---------------

Current thread (0x000002478fb37c80):  JavaThread "RMI TCP Connection(1)-26.25.77.98" daemon [_thread_in_vm, id=17372, stack(0x0000006a86500000,0x0000006a86600000) (1024K)]

Stack: [0x0000006a86500000,0x0000006a86600000]
Native frames: (J=compiled Java code, j=interpreted, Vv=VM code, C=native code)
V  [jvm.dll+0x6c9029]
V  [jvm.dll+0x854b81]
V  [jvm.dll+0x856e5e]
V  [jvm.dll+0x857543]
V  [jvm.dll+0x280c06]
V  [jvm.dll+0x8508ae]
V  [jvm.dll+0x66ca45]
V  [jvm.dll+0x1e677c]
V  [jvm.dll+0x1e654e]
V  [jvm.dll+0x66f35c]
V  [jvm.dll+0x66f172]
V  [jvm.dll+0x66d41e]
V  [jvm.dll+0x27db26]
V  [jvm.dll+0x71e545]
V  [jvm.dll+0x71f08f]
V  [jvm.dll+0x3c297f]
V  [jvm.dll+0x3c1a27]
V  [jvm.dll+0x3c19c8]
V  [jvm.dll+0x5d34b9]
V  [jvm.dll+0x5d23bc]
V  [jvm.dll+0x3d7360]
V  [jvm.dll+0x3d69dd]
C  0x0000024741bf8d20

The last pc belongs to invokestatic (printed below).
Java frames: (J=compiled Java code, j=interpreted, Vv=VM code)
j  java.rmi.server.RMIClassLoader$2.loadClass(Ljava/lang/String;Ljava/lang/String;Ljava/lang/ClassLoader;)Ljava/lang/Class;+3 java.rmi@21.0.1
j  java.rmi.server.RMIClassLoader.loadClass(Ljava/lang/String;Ljava/lang/String;Ljava/lang/ClassLoader;)Ljava/lang/Class;+6 java.rmi@21.0.1
j  sun.rmi.server.MarshalInputStream.resolveClass(Ljava/io/ObjectStreamClass;)Ljava/lang/Class;+54 java.rmi@21.0.1
j  java.io.ObjectInputStream.readNonProxyDesc(Z)Ljava/io/ObjectStreamClass;+100 java.base@21.0.1
j  java.io.ObjectInputStream.readClassDesc(Z)Ljava/io/ObjectStreamClass;+72 java.base@21.0.1
j  java.io.ObjectInputStream.readArray(Z)Ljava/lang/Object;+22 java.base@21.0.1
j  java.io.ObjectInputStream.readObject0(Ljava/lang/Class;Z)Ljava/lang/Object;+394 java.base@21.0.1
j  java.io.ObjectInputStream.readObject(Ljava/lang/Class;)Ljava/lang/Object;+42 java.base@21.0.1
j  java.io.ObjectInputStream.readObject()Ljava/lang/Object;+3 java.base@21.0.1
j  sun.rmi.transport.DGCImpl_Skel.dispatch(Ljava/rmi/Remote;Ljava/rmi/server/RemoteCall;IJ)V+192 java.rmi@21.0.1
j  sun.rmi.server.UnicastServerRef.oldDispatch(Ljava/rmi/Remote;Ljava/rmi/server/RemoteCall;I)V+127 java.rmi@21.0.1
j  sun.rmi.server.UnicastServerRef.dispatch(Ljava/rmi/Remote;Ljava/rmi/server/RemoteCall;)V+44 java.rmi@21.0.1
j  sun.rmi.transport.Transport$1.run()Ljava/lang/Void;+23 java.rmi@21.0.1
j  sun.rmi.transport.Transport$1.run()Ljava/lang/Object;+1 java.rmi@21.0.1
J 1457 c1 java.security.AccessController.executePrivileged(Ljava/security/PrivilegedExceptionAction;Ljava/security/AccessControlContext;Ljava/lang/Class;)Ljava/lang/Object; java.base@21.0.1 (65 bytes) @ 0x00000247420fb31c [0x00000247420fb2c0+0x000000000000005c]
j  java.security.AccessController.doPrivileged(Ljava/security/PrivilegedExceptionAction;Ljava/security/AccessControlContext;)Ljava/lang/Object;+13 java.base@21.0.1
j  sun.rmi.transport.Transport.serviceCall(Ljava/rmi/server/RemoteCall;)Z+164 java.rmi@21.0.1
j  sun.rmi.transport.tcp.TCPTransport.handleMessages(Lsun/rmi/transport/Connection;Z)V+145 java.rmi@21.0.1
j  sun.rmi.transport.tcp.TCPTransport$ConnectionHandler.run0()V+522 java.rmi@21.0.1
j  sun.rmi.transport.tcp.TCPTransport$ConnectionHandler.lambda$run$0()Ljava/lang/Void;+1 java.rmi@21.0.1
j  sun.rmi.transport.tcp.TCPTransport$ConnectionHandler$$Lambda+0x000002474b0adc88.run()Ljava/lang/Object;+4 java.rmi@21.0.1
J 1180 c1 java.security.AccessController.executePrivileged(Ljava/security/PrivilegedAction;Ljava/security/AccessControlContext;Ljava/lang/Class;)Ljava/lang/Object; java.base@21.0.1 (65 bytes) @ 0x000002474207bb1c [0x000002474207bac0+0x000000000000005c]
j  java.security.AccessController.doPrivileged(Ljava/security/PrivilegedAction;Ljava/security/AccessControlContext;)Ljava/lang/Object;+13 java.base@21.0.1
j  sun.rmi.transport.tcp.TCPTransport$ConnectionHandler.run()V+37 java.rmi@21.0.1
j  java.util.concurrent.ThreadPoolExecutor.runWorker(Ljava/util/concurrent/ThreadPoolExecutor$Worker;)V+92 java.base@21.0.1
j  java.util.concurrent.ThreadPoolExecutor$Worker.run()V+5 java.base@21.0.1
j  java.lang.Thread.runWith(Ljava/lang/Object;Ljava/lang/Runnable;)V+5 java.base@21.0.1
j  java.lang.Thread.run()V+19 java.base@21.0.1
v  ~StubRoutines::call_stub 0x0000024741be10e7
invokestatic  184 invokestatic  [0x0000024741bf8c80, 0x0000024741bf8de0]  352 bytes
[MachCode]
  0x0000024741bf8c80: 4883 ec08 | c5fa 1104 | 24eb 1f48 | 83ec 10c5 | fb11 0424 | eb14 4883 | ec10 4889 | 0424 48c7 
  0x0000024741bf8ca0: 4424 0800 | 0000 00eb | 0150 4c89 | 6dc0 410f | b755 0148 | 8b4d d0c1 | e202 8b5c | d138 c1eb 
  0x0000024741bf8cc0: 1081 e3ff | 0000 0081 | fbb8 0000 | 000f 84b4 | 0000 00bb | b800 0000 | e805 0000 | 00e9 9900 
  0x0000024741bf8ce0: 0000 488b | d348 8d44 | 2408 4c89 | 6dc0 498b | cfc5 f877 | 4989 afa8 | 0300 0049 | 8987 9803 
  0x0000024741bf8d00: 0000 4883 | ec20 40f6 | c40f 0f84 | 1900 0000 | 4883 ec08 | 48b8 7069 | 9067 fb7f | 0000 ffd0 
  0x0000024741bf8d20: 4883 c408 | e90c 0000 | 0048 b870 | 6990 67fb | 7f00 00ff | d048 83c4 | 2049 c787 | 9803 0000 
  0x0000024741bf8d40: 0000 0000 | 49c7 87a8 | 0300 0000 | 0000 0049 | c787 a003 | 0000 0000 | 0000 c5f8 | 7749 837f 
  0x0000024741bf8d60: 0800 0f84 | 0500 0000 | e993 81fe | ff4c 8b6d | c04c 8b75 | c84e 8d74 | f500 c341 | 0fb7 5501 
  0x0000024741bf8d80: 488b 4dd0 | c1e2 0248 | 8b5c d140 | 488b 5b08 | 488b 5b08 | 488b 5b18 | 80bb 2001 | 0000 050f 
  0x0000024741bf8da0: 840d 0000 | 004c 3bbb | 3001 0000 | 0f85 21ff | ffff 488b | 5cd1 408b | 54d1 50c1 | ea1c 49ba 
  0x0000024741bf8dc0: 909e 1768 | fb7f 0000 | 498b 14d2 | 524c 8d6c | 2408 4c89 | 6df0 ff63 | 500f 1f80 | 0000 0000 
[/MachCode]

Compiled method (c1)    1166 1457       1       java.security.AccessController::executePrivileged (65 bytes)
 total in heap  [0x00000247420fb110,0x00000247420fb448] = 824
 relocation     [0x00000247420fb270,0x00000247420fb2b8] = 72
 main code      [0x00000247420fb2c0,0x00000247420fb378] = 184
 stub code      [0x00000247420fb378,0x00000247420fb3d0] = 88
 metadata       [0x00000247420fb3d0,0x00000247420fb3d8] = 8
 scopes data    [0x00000247420fb3d8,0x00000247420fb400] = 40
 scopes pcs     [0x00000247420fb400,0x00000247420fb440] = 64
 dependencies   [0x00000247420fb440,0x00000247420fb448] = 8

[Constant Pool (empty)]

[MachCode]
[Verified Entry Point]
  # {method} {0x000002474a477198} 'executePrivileged' '(Ljava/security/PrivilegedExceptionAction;Ljava/security/AccessControlContext;Ljava/lang/Class;)Ljava/lang/Object;' in 'java/security/AccessController'
  # parm0:    rdx:rdx   = 'java/security/PrivilegedExceptionAction'
  # parm1:    r8:r8     = 'java/security/AccessControlContext'
  # parm2:    r9:r9     = 'java/lang/Class'
  #           [sp+0x50]  (sp of caller)
  0x00000247420fb2c0: 8984 2400 | 80ff ff55 | 4883 ec40 | 4181 7f20 | 0100 0000 

  0x00000247420fb2d4: ;   {runtime_call StubRoutines (final stubs)}
  0x00000247420fb2d4: 7405 e8a5 | aab1 ff4c | 8944 2430 | 4c89 4c24 | 2849 83f8 | 000f 841a | 0000 0048 | 8954 2420 
  0x00000247420fb2f4: ;   {static_call}
  0x00000247420fb2f4: 498b d0e8 

  0x00000247420fb2f8: ; ImmutableOopMap {[32]=Oop [40]=Oop [48]=Oop }
                      ;*invokestatic ensureMaterializedForStackWalk {reexecute=0 rethrow=0 return_oop=0}
                      ; - java.security.AccessController::executePrivileged@5 (line 805)
  0x00000247420fb2f8: 9000 0000 

  0x00000247420fb2fc: ;   {other}
  0x00000247420fb2fc: 0f1f 8400 | ec01 0000 | 488b 5424 | 200f 1f40 | 0048 b8ff | ffff ffff 

  0x00000247420fb314: ;   {virtual_call}
  0x00000247420fb314: ffff ffe8 

  0x00000247420fb318: ; ImmutableOopMap {[40]=Oop [48]=Oop }
                      ;*invokeinterface run {reexecute=0 rethrow=0 return_oop=0}
                      ; - java.security.AccessController::executePrivileged@29 (line 809)
  0x00000247420fb318: 8406 b3ff 

  0x00000247420fb31c: ;   {other}
  0x00000247420fb31c: 0f1f 8400 | 0c02 0001 | 4883 c440 

  0x00000247420fb328: ;   {poll_return}
  0x00000247420fb328: 5d49 3ba7 | 5004 0000 | 0f87 0100 

  0x00000247420fb334: ;   {internal_word}
  0x00000247420fb334: 0000 c349 | ba29 b30f | 4247 0200 | 004d 8997 | 6804 0000 

  0x00000247420fb348: ;   {runtime_call SafepointBlob}
  0x00000247420fb348: e933 b8b3 | ff49 8b87 | 0005 0000 | 49c7 8700 | 0500 0000 | 0000 0049 | c787 0805 | 0000 0000 
  0x00000247420fb368: 0000 4883 

  0x00000247420fb36c: ;   {runtime_call unwind_exception Runtime1 stub}
  0x00000247420fb36c: c440 5de9 | 8c62 bfff | f4f4 f4f4 
[Stub Code]
  0x00000247420fb378: ;   {no_reloc}
  0x00000247420fb378: 0f1f 4400 

  0x00000247420fb37c: ;   {static_stub}
  0x00000247420fb37c: 0048 bb00 | 0000 0000 

  0x00000247420fb384: ;   {runtime_call}
  0x00000247420fb384: 0000 00e9 | fbff ffff 

  0x00000247420fb38c: ;   {static_stub}
  0x00000247420fb38c: 48bb 1070 | 474a 4702 

  0x00000247420fb394: ;   {runtime_call I2C/C2I adapters}
  0x00000247420fb394: 0000 e9e8 

  0x00000247420fb398: ;   {runtime_call handle_exception_from_callee Runtime1 stub}
  0x00000247420fb398: 8ab3 ffe8 | e0ae bfff 

  0x00000247420fb3a0: ;   {external_word}
  0x00000247420fb3a0: 48b9 e027 | ed67 fb7f | 0000 4883 

  0x00000247420fb3ac: ;   {runtime_call}
  0x00000247420fb3ac: e4f0 48b8 | e00f b567 | fb7f 0000 

  0x00000247420fb3b8: ;   {section_word}
  0x00000247420fb3b8: ffd0 f449 | babb b30f | 4247 0200 

  0x00000247420fb3c4: ;   {runtime_call DeoptimizationBlob}
  0x00000247420fb3c4: 0041 52e9 | 54cc b3ff | f4f4 f4f4 
[/MachCode]


Compiled method (c1)    1169 1180       1       java.security.AccessController::executePrivileged (65 bytes)
 total in heap  [0x000002474207b910,0x000002474207bc48] = 824
 relocation     [0x000002474207ba70,0x000002474207bab8] = 72
 main code      [0x000002474207bac0,0x000002474207bb78] = 184
 stub code      [0x000002474207bb78,0x000002474207bbd0] = 88
 metadata       [0x000002474207bbd0,0x000002474207bbd8] = 8
 scopes data    [0x000002474207bbd8,0x000002474207bc00] = 40
 scopes pcs     [0x000002474207bc00,0x000002474207bc40] = 64
 dependencies   [0x000002474207bc40,0x000002474207bc48] = 8

[Constant Pool (empty)]

[MachCode]
[Verified Entry Point]
  # {method} {0x000002474a4771f0} 'executePrivileged' '(Ljava/security/PrivilegedAction;Ljava/security/AccessControlContext;Ljava/lang/Class;)Ljava/lang/Object;' in 'java/security/AccessController'
  # parm0:    rdx:rdx   = 'java/security/PrivilegedAction'
  # parm1:    r8:r8     = 'java/security/AccessControlContext'
  # parm2:    r9:r9     = 'java/lang/Class'
  #           [sp+0x50]  (sp of caller)
  0x000002474207bac0: 8984 2400 | 80ff ff55 | 4883 ec40 | 4181 7f20 | 0100 0000 

  0x000002474207bad4: ;   {runtime_call StubRoutines (final stubs)}
  0x000002474207bad4: 7405 e8a5 | a2b9 ff4c | 8944 2430 | 4c89 4c24 | 2849 83f8 | 000f 841a | 0000 0048 | 8954 2420 
  0x000002474207baf4: ;   {static_call}
  0x000002474207baf4: 498b d0e8 

  0x000002474207baf8: ; ImmutableOopMap {[32]=Oop [40]=Oop [48]=Oop }
                      ;*invokestatic ensureMaterializedForStackWalk {reexecute=0 rethrow=0 return_oop=0}
                      ; - java.security.AccessController::executePrivileged@5 (line 774)
  0x000002474207baf8: 9000 0000 

  0x000002474207bafc: ;   {other}
  0x000002474207bafc: 0f1f 8400 | ec01 0000 | 488b 5424 | 200f 1f40 | 0048 b800 | e36a 8f47 

  0x000002474207bb14: ;   {virtual_call}
  0x000002474207bb14: 0200 00e8 

  0x000002474207bb18: ; ImmutableOopMap {[40]=Oop [48]=Oop }
                      ;*invokeinterface run {reexecute=0 rethrow=0 return_oop=0}
                      ; - java.security.AccessController::executePrivileged@29 (line 778)
  0x000002474207bb18: f470 c8ff 

  0x000002474207bb1c: ;   {other}
  0x000002474207bb1c: 0f1f 8400 | 0c02 0001 | 4883 c440 

  0x000002474207bb28: ;   {poll_return}
  0x000002474207bb28: 5d49 3ba7 | 5004 0000 | 0f87 0100 

  0x000002474207bb34: ;   {internal_word}
  0x000002474207bb34: 0000 c349 | ba29 bb07 | 4247 0200 | 004d 8997 | 6804 0000 

  0x000002474207bb48: ;   {runtime_call SafepointBlob}
  0x000002474207bb48: e933 b0bb | ff49 8b87 | 0005 0000 | 49c7 8700 | 0500 0000 | 0000 0049 | c787 0805 | 0000 0000 
  0x000002474207bb68: 0000 4883 

  0x000002474207bb6c: ;   {runtime_call unwind_exception Runtime1 stub}
  0x000002474207bb6c: c440 5de9 | 8c5a c7ff | f4f4 f4f4 
[Stub Code]
  0x000002474207bb78: ;   {no_reloc}
  0x000002474207bb78: 0f1f 4400 

  0x000002474207bb7c: ;   {static_stub}
  0x000002474207bb7c: 0048 bb00 | 0000 0000 

  0x000002474207bb84: ;   {runtime_call}
  0x000002474207bb84: 0000 00e9 | fbff ffff 

  0x000002474207bb8c: ;   {static_stub}
  0x000002474207bb8c: 48bb 1070 | 474a 4702 

  0x000002474207bb94: ;   {runtime_call I2C/C2I adapters}
  0x000002474207bb94: 0000 e9e8 

  0x000002474207bb98: ;   {runtime_call handle_exception_from_callee Runtime1 stub}
  0x000002474207bb98: 82bb ffe8 | e0a6 c7ff 

  0x000002474207bba0: ;   {external_word}
  0x000002474207bba0: 48b9 e027 | ed67 fb7f | 0000 4883 

  0x000002474207bbac: ;   {runtime_call}
  0x000002474207bbac: e4f0 48b8 | e00f b567 | fb7f 0000 

  0x000002474207bbb8: ;   {section_word}
  0x000002474207bbb8: ffd0 f449 | babb bb07 | 4247 0200 

  0x000002474207bbc4: ;   {runtime_call DeoptimizationBlob}
  0x000002474207bbc4: 0041 52e9 | 54c4 bbff | f4f4 f4f4 
[/MachCode]


---------------  P R O C E S S  ---------------

Threads class SMR info:
_java_thread_list=0x000002478faefea0, length=16, elements={
0x000002473979d840, 0x0000024749e20200, 0x0000024749e210d0, 0x0000024749e239e0,
0x0000024749e25830, 0x0000024749e26440, 0x0000024749e26ea0, 0x0000024749e29d20,
0x000002478f04f3b0, 0x000002478f0b14b0, 0x000002478f0aebd0, 0x000002478f56b410,
0x000002478f56ba80, 0x000002478f0b0de0, 0x000002478f82bc50, 0x000002478fb37c80
}

Java Threads: ( => current thread )
  0x000002473979d840 JavaThread "main"                              [_thread_in_vm, id=5488, stack(0x0000006a84900000,0x0000006a84a00000) (1024K)]
  0x0000024749e20200 JavaThread "Reference Handler"          daemon [_thread_blocked, id=15524, stack(0x0000006a85100000,0x0000006a85200000) (1024K)]
  0x0000024749e210d0 JavaThread "Finalizer"                  daemon [_thread_blocked, id=10920, stack(0x0000006a85200000,0x0000006a85300000) (1024K)]
  0x0000024749e239e0 JavaThread "Signal Dispatcher"          daemon [_thread_blocked, id=18588, stack(0x0000006a85300000,0x0000006a85400000) (1024K)]
  0x0000024749e25830 JavaThread "Attach Listener"            daemon [_thread_blocked, id=17448, stack(0x0000006a85400000,0x0000006a85500000) (1024K)]
  0x0000024749e26440 JavaThread "Service Thread"             daemon [_thread_blocked, id=17560, stack(0x0000006a85500000,0x0000006a85600000) (1024K)]
  0x0000024749e26ea0 JavaThread "Monitor Deflation Thread"   daemon [_thread_blocked, id=10896, stack(0x0000006a85600000,0x0000006a85700000) (1024K)]
  0x0000024749e29d20 JavaThread "C1 CompilerThread0"         daemon [_thread_blocked, id=10028, stack(0x0000006a85700000,0x0000006a85800000) (1024K)]
  0x000002478f04f3b0 JavaThread "Common-Cleaner"             daemon [_thread_blocked, id=11980, stack(0x0000006a85800000,0x0000006a85900000) (1024K)]
  0x000002478f0b14b0 JavaThread "C1 CompilerThread1"         daemon [_thread_blocked, id=3080, stack(0x0000006a85900000,0x0000006a85a00000) (1024K)]
  0x000002478f0aebd0 JavaThread "C1 CompilerThread2"         daemon [_thread_blocked, id=13200, stack(0x0000006a85a00000,0x0000006a85b00000) (1024K)]
  0x000002478f56b410 JavaThread "Monitor Ctrl-Break"         daemon [_thread_in_native, id=11336, stack(0x0000006a85b00000,0x0000006a85c00000) (1024K)]
  0x000002478f56ba80 JavaThread "Notification Thread"        daemon [_thread_blocked, id=15796, stack(0x0000006a85c00000,0x0000006a85d00000) (1024K)]
  0x000002478f0b0de0 JavaThread "C1 CompilerThread3"         daemon [_thread_blocked, id=17972, stack(0x0000006a85d00000,0x0000006a85e00000) (1024K)]
  0x000002478f82bc50 JavaThread "RMI TCP Accept-0"           daemon [_thread_in_native, id=13092, stack(0x0000006a85e00000,0x0000006a85f00000) (1024K)]
=>0x000002478fb37c80 JavaThread "RMI TCP Connection(1)-26.25.77.98" daemon [_thread_in_vm, id=17372, stack(0x0000006a86500000,0x0000006a86600000) (1024K)]
Total: 16

Other Threads:
  0x0000024749e01c90 VMThread "VM Thread"                           [id=3168, stack(0x0000006a85000000,0x0000006a85100000) (1024K)]
  0x0000024749deaff0 WatcherThread "VM Periodic Task Thread"        [id=7672, stack(0x0000006a84f00000,0x0000006a85000000) (1024K)]
  0x00000247397f2f30 WorkerThread "GC Thread#0"                     [id=14212, stack(0x0000006a84a00000,0x0000006a84b00000) (1024K)]
  0x000002478fac34c0 WorkerThread "GC Thread#1"                     [id=10372, stack(0x0000006a85f00000,0x0000006a86000000) (1024K)]
  0x000002478faea8a0 WorkerThread "GC Thread#2"                     [id=5308, stack(0x0000006a86000000,0x0000006a86100000) (1024K)]
  0x000002478faeec50 WorkerThread "GC Thread#3"                     [id=18380, stack(0x0000006a86100000,0x0000006a86200000) (1024K)]
  0x000002478faf3000 WorkerThread "GC Thread#4"                     [id=2832, stack(0x0000006a86200000,0x0000006a86300000) (1024K)]
  0x000002478faf33a0 WorkerThread "GC Thread#5"                     [id=9596, stack(0x0000006a86300000,0x0000006a86400000) (1024K)]
  0x000002478faf3740 WorkerThread "GC Thread#6"                     [id=16344, stack(0x0000006a86400000,0x0000006a86500000) (1024K)]
  0x0000024739803650 ConcurrentGCThread "G1 Main Marker"            [id=19244, stack(0x0000006a84b00000,0x0000006a84c00000) (1024K)]
  0x0000024739804870 WorkerThread "G1 Conc#0"                       [id=15536, stack(0x0000006a84c00000,0x0000006a84d00000) (1024K)]
  0x000002473985e520 ConcurrentGCThread "G1 Refine#0"               [id=6828, stack(0x0000006a84d00000,0x0000006a84e00000) (1024K)]
  0x0000024749cba120 ConcurrentGCThread "G1 Service"                [id=5188, stack(0x0000006a84e00000,0x0000006a84f00000) (1024K)]
Total: 13

Threads with active compile tasks:
Total: 0

VM state: not at safepoint (normal execution)

VM Mutex/Monitor currently owned by a thread:  ([mutex/lock_event])
[0x00007ffb68168578] Metaspace_lock - owner thread: 0x000002478fb37c80

Heap address: 0x0000000084c00000, size: 1972 MB, Compressed Oops mode: 32-bit

CDS archive(s) mapped at: [0x000002474a000000-0x000002474ac90000-0x000002474ac90000), size 13172736, SharedBaseAddress: 0x000002474a000000, ArchiveRelocationMode: 1.
Compressed class space mapped at: 0x000002474b000000-0x000002478b000000, reserved size: 1073741824
Narrow klass base: 0x000002474a000000, Narrow klass shift: 0, Narrow klass range: 0x100000000

GC Precious Log:
 CardTable entry size: 512
 Card Set container configuration: InlinePtr #cards 5 size 8 Array Of Cards #cards 12 size 40 Howl #buckets 4 coarsen threshold 1843 Howl Bitmap #cards 512 size 80 coarsen threshold 460 Card regions per heap region 1 cards per card region 2048
 CPUs: 8 total, 8 available
 Memory: 7883M
 Large Page Support: Disabled
 NUMA Support: Disabled
 Compressed Oops: Enabled (32-bit)
 Heap Region Size: 1M
 Heap Min Capacity: 8M
 Heap Initial Capacity: 124M
 Heap Max Capacity: 1972M
 Pre-touch: Disabled
 Parallel Workers: 8
 Concurrent Workers: 2
 Concurrent Refinement Workers: 8
 Periodic GC: Disabled

Heap:
 garbage-first heap   total 126976K, used 10240K [0x0000000084c00000, 0x0000000100000000)
  region size 1024K, 6 young (6144K), 3 survivors (3072K)
 Metaspace       used 7732K, committed 8000K, reserved 1114112K
  class space    used 945K, committed 1088K, reserved 1048576K

Heap Regions: E=young(eden), S=young(survivor), O=old, HS=humongous(starts), HC=humongous(continues), CS=collection set, F=free, TAMS=top-at-mark-start, PB=parsable bottom
|   0|0x0000000084c00000, 0x0000000084d00000, 0x0000000084d00000|100%|HS|  |TAMS 0x0000000084c00000| PB 0x0000000084c00000| Complete 
|   1|0x0000000084d00000, 0x0000000084e00000, 0x0000000084e00000|100%| O|  |TAMS 0x0000000084d00000| PB 0x0000000084d00000| Untracked 
|   2|0x0000000084e00000, 0x0000000084f00000, 0x0000000084f00000|100%| O|  |TAMS 0x0000000084e00000| PB 0x0000000084e00000| Untracked 
|   3|0x0000000084f00000, 0x0000000085000000, 0x0000000085000000|100%| O|  |TAMS 0x0000000084f00000| PB 0x0000000084f00000| Untracked 
|   4|0x0000000085000000, 0x0000000085100000, 0x0000000085100000|100%| O|  |TAMS 0x0000000085000000| PB 0x0000000085000000| Untracked 
|   5|0x0000000085100000, 0x0000000085100000, 0x0000000085200000|  0%| F|  |TAMS 0x0000000085100000| PB 0x0000000085100000| Untracked 
|   6|0x0000000085200000, 0x0000000085200000, 0x0000000085300000|  0%| F|  |TAMS 0x0000000085200000| PB 0x0000000085200000| Untracked 
|   7|0x0000000085300000, 0x0000000085300000, 0x0000000085400000|  0%| F|  |TAMS 0x0000000085300000| PB 0x0000000085300000| Untracked 
|   8|0x0000000085400000, 0x0000000085400000, 0x0000000085500000|  0%| F|  |TAMS 0x0000000085400000| PB 0x0000000085400000| Untracked 
|   9|0x0000000085500000, 0x0000000085500000, 0x0000000085600000|  0%| F|  |TAMS 0x0000000085500000| PB 0x0000000085500000| Untracked 
|  10|0x0000000085600000, 0x0000000085600000, 0x0000000085700000|  0%| F|  |TAMS 0x0000000085600000| PB 0x0000000085600000| Untracked 
|  11|0x0000000085700000, 0x0000000085700000, 0x0000000085800000|  0%| F|  |TAMS 0x0000000085700000| PB 0x0000000085700000| Untracked 
|  12|0x0000000085800000, 0x0000000085800000, 0x0000000085900000|  0%| F|  |TAMS 0x0000000085800000| PB 0x0000000085800000| Untracked 
|  13|0x0000000085900000, 0x0000000085900000, 0x0000000085a00000|  0%| F|  |TAMS 0x0000000085900000| PB 0x0000000085900000| Untracked 
|  14|0x0000000085a00000, 0x0000000085a00000, 0x0000000085b00000|  0%| F|  |TAMS 0x0000000085a00000| PB 0x0000000085a00000| Untracked 
|  15|0x0000000085b00000, 0x0000000085b00000, 0x0000000085c00000|  0%| F|  |TAMS 0x0000000085b00000| PB 0x0000000085b00000| Untracked 
|  16|0x0000000085c00000, 0x0000000085c00000, 0x0000000085d00000|  0%| F|  |TAMS 0x0000000085c00000| PB 0x0000000085c00000| Untracked 
|  17|0x0000000085d00000, 0x0000000085d00000, 0x0000000085e00000|  0%| F|  |TAMS 0x0000000085d00000| PB 0x0000000085d00000| Untracked 
|  18|0x0000000085e00000, 0x0000000085e00000, 0x0000000085f00000|  0%| F|  |TAMS 0x0000000085e00000| PB 0x0000000085e00000| Untracked 
|  19|0x0000000085f00000, 0x0000000085f00000, 0x0000000086000000|  0%| F|  |TAMS 0x0000000085f00000| PB 0x0000000085f00000| Untracked 
|  20|0x0000000086000000, 0x0000000086000000, 0x0000000086100000|  0%| F|  |TAMS 0x0000000086000000| PB 0x0000000086000000| Untracked 
|  21|0x0000000086100000, 0x0000000086100000, 0x0000000086200000|  0%| F|  |TAMS 0x0000000086100000| PB 0x0000000086100000| Untracked 
|  22|0x0000000086200000, 0x0000000086200000, 0x0000000086300000|  0%| F|  |TAMS 0x0000000086200000| PB 0x0000000086200000| Untracked 
|  23|0x0000000086300000, 0x0000000086300000, 0x0000000086400000|  0%| F|  |TAMS 0x0000000086300000| PB 0x0000000086300000| Untracked 
|  24|0x0000000086400000, 0x0000000086400000, 0x0000000086500000|  0%| F|  |TAMS 0x0000000086400000| PB 0x0000000086400000| Untracked 
|  25|0x0000000086500000, 0x0000000086500000, 0x0000000086600000|  0%| F|  |TAMS 0x0000000086500000| PB 0x0000000086500000| Untracked 
|  26|0x0000000086600000, 0x0000000086600000, 0x0000000086700000|  0%| F|  |TAMS 0x0000000086600000| PB 0x0000000086600000| Untracked 
|  27|0x0000000086700000, 0x0000000086700000, 0x0000000086800000|  0%| F|  |TAMS 0x0000000086700000| PB 0x0000000086700000| Untracked 
|  28|0x0000000086800000, 0x0000000086800000, 0x0000000086900000|  0%| F|  |TAMS 0x0000000086800000| PB 0x0000000086800000| Untracked 
|  29|0x0000000086900000, 0x0000000086900000, 0x0000000086a00000|  0%| F|  |TAMS 0x0000000086900000| PB 0x0000000086900000| Untracked 
|  30|0x0000000086a00000, 0x0000000086a00000, 0x0000000086b00000|  0%| F|  |TAMS 0x0000000086a00000| PB 0x0000000086a00000| Untracked 
|  31|0x0000000086b00000, 0x0000000086b00000, 0x0000000086c00000|  0%| F|  |TAMS 0x0000000086b00000| PB 0x0000000086b00000| Untracked 
|  32|0x0000000086c00000, 0x0000000086c00000, 0x0000000086d00000|  0%| F|  |TAMS 0x0000000086c00000| PB 0x0000000086c00000| Untracked 
|  33|0x0000000086d00000, 0x0000000086d00000, 0x0000000086e00000|  0%| F|  |TAMS 0x0000000086d00000| PB 0x0000000086d00000| Untracked 
|  34|0x0000000086e00000, 0x0000000086e00000, 0x0000000086f00000|  0%| F|  |TAMS 0x0000000086e00000| PB 0x0000000086e00000| Untracked 
|  35|0x0000000086f00000, 0x0000000086f00000, 0x0000000087000000|  0%| F|  |TAMS 0x0000000086f00000| PB 0x0000000086f00000| Untracked 
|  36|0x0000000087000000, 0x0000000087000000, 0x0000000087100000|  0%| F|  |TAMS 0x0000000087000000| PB 0x0000000087000000| Untracked 
|  37|0x0000000087100000, 0x0000000087100000, 0x0000000087200000|  0%| F|  |TAMS 0x0000000087100000| PB 0x0000000087100000| Untracked 
|  38|0x0000000087200000, 0x0000000087200000, 0x0000000087300000|  0%| F|  |TAMS 0x0000000087200000| PB 0x0000000087200000| Untracked 
|  39|0x0000000087300000, 0x0000000087300000, 0x0000000087400000|  0%| F|  |TAMS 0x0000000087300000| PB 0x0000000087300000| Untracked 
|  40|0x0000000087400000, 0x0000000087400000, 0x0000000087500000|  0%| F|  |TAMS 0x0000000087400000| PB 0x0000000087400000| Untracked 
|  41|0x0000000087500000, 0x0000000087500000, 0x0000000087600000|  0%| F|  |TAMS 0x0000000087500000| PB 0x0000000087500000| Untracked 
|  42|0x0000000087600000, 0x0000000087600000, 0x0000000087700000|  0%| F|  |TAMS 0x0000000087600000| PB 0x0000000087600000| Untracked 
|  43|0x0000000087700000, 0x0000000087700000, 0x0000000087800000|  0%| F|  |TAMS 0x0000000087700000| PB 0x0000000087700000| Untracked 
|  44|0x0000000087800000, 0x0000000087800000, 0x0000000087900000|  0%| F|  |TAMS 0x0000000087800000| PB 0x0000000087800000| Untracked 
|  45|0x0000000087900000, 0x0000000087900000, 0x0000000087a00000|  0%| F|  |TAMS 0x0000000087900000| PB 0x0000000087900000| Untracked 
|  46|0x0000000087a00000, 0x0000000087a00000, 0x0000000087b00000|  0%| F|  |TAMS 0x0000000087a00000| PB 0x0000000087a00000| Untracked 
|  47|0x0000000087b00000, 0x0000000087b00000, 0x0000000087c00000|  0%| F|  |TAMS 0x0000000087b00000| PB 0x0000000087b00000| Untracked 
|  48|0x0000000087c00000, 0x0000000087c00000, 0x0000000087d00000|  0%| F|  |TAMS 0x0000000087c00000| PB 0x0000000087c00000| Untracked 
|  49|0x0000000087d00000, 0x0000000087d00000, 0x0000000087e00000|  0%| F|  |TAMS 0x0000000087d00000| PB 0x0000000087d00000| Untracked 
|  50|0x0000000087e00000, 0x0000000087e00000, 0x0000000087f00000|  0%| F|  |TAMS 0x0000000087e00000| PB 0x0000000087e00000| Untracked 
|  51|0x0000000087f00000, 0x0000000087f00000, 0x0000000088000000|  0%| F|  |TAMS 0x0000000087f00000| PB 0x0000000087f00000| Untracked 
|  52|0x0000000088000000, 0x0000000088000000, 0x0000000088100000|  0%| F|  |TAMS 0x0000000088000000| PB 0x0000000088000000| Untracked 
|  53|0x0000000088100000, 0x0000000088100000, 0x0000000088200000|  0%| F|  |TAMS 0x0000000088100000| PB 0x0000000088100000| Untracked 
|  54|0x0000000088200000, 0x0000000088200000, 0x0000000088300000|  0%| F|  |TAMS 0x0000000088200000| PB 0x0000000088200000| Untracked 
|  55|0x0000000088300000, 0x0000000088300000, 0x0000000088400000|  0%| F|  |TAMS 0x0000000088300000| PB 0x0000000088300000| Untracked 
|  56|0x0000000088400000, 0x0000000088400000, 0x0000000088500000|  0%| F|  |TAMS 0x0000000088400000| PB 0x0000000088400000| Untracked 
|  57|0x0000000088500000, 0x0000000088500000, 0x0000000088600000|  0%| F|  |TAMS 0x0000000088500000| PB 0x0000000088500000| Untracked 
|  58|0x0000000088600000, 0x0000000088600000, 0x0000000088700000|  0%| F|  |TAMS 0x0000000088600000| PB 0x0000000088600000| Untracked 
|  59|0x0000000088700000, 0x0000000088700000, 0x0000000088800000|  0%| F|  |TAMS 0x0000000088700000| PB 0x0000000088700000| Untracked 
|  60|0x0000000088800000, 0x0000000088800000, 0x0000000088900000|  0%| F|  |TAMS 0x0000000088800000| PB 0x0000000088800000| Untracked 
|  61|0x0000000088900000, 0x0000000088900000, 0x0000000088a00000|  0%| F|  |TAMS 0x0000000088900000| PB 0x0000000088900000| Untracked 
|  62|0x0000000088a00000, 0x0000000088a00000, 0x0000000088b00000|  0%| F|  |TAMS 0x0000000088a00000| PB 0x0000000088a00000| Untracked 
|  63|0x0000000088b00000, 0x0000000088b00000, 0x0000000088c00000|  0%| F|  |TAMS 0x0000000088b00000| PB 0x0000000088b00000| Untracked 
|  64|0x0000000088c00000, 0x0000000088c00000, 0x0000000088d00000|  0%| F|  |TAMS 0x0000000088c00000| PB 0x0000000088c00000| Untracked 
|  65|0x0000000088d00000, 0x0000000088d00000, 0x0000000088e00000|  0%| F|  |TAMS 0x0000000088d00000| PB 0x0000000088d00000| Untracked 
|  66|0x0000000088e00000, 0x0000000088e00000, 0x0000000088f00000|  0%| F|  |TAMS 0x0000000088e00000| PB 0x0000000088e00000| Untracked 
|  67|0x0000000088f00000, 0x0000000088f00000, 0x0000000089000000|  0%| F|  |TAMS 0x0000000088f00000| PB 0x0000000088f00000| Untracked 
|  68|0x0000000089000000, 0x0000000089000000, 0x0000000089100000|  0%| F|  |TAMS 0x0000000089000000| PB 0x0000000089000000| Untracked 
|  69|0x0000000089100000, 0x0000000089100000, 0x0000000089200000|  0%| F|  |TAMS 0x0000000089100000| PB 0x0000000089100000| Untracked 
|  70|0x0000000089200000, 0x0000000089200000, 0x0000000089300000|  0%| F|  |TAMS 0x0000000089200000| PB 0x0000000089200000| Untracked 
|  71|0x0000000089300000, 0x0000000089300000, 0x0000000089400000|  0%| F|  |TAMS 0x0000000089300000| PB 0x0000000089300000| Untracked 
|  72|0x0000000089400000, 0x0000000089400000, 0x0000000089500000|  0%| F|  |TAMS 0x0000000089400000| PB 0x0000000089400000| Untracked 
|  73|0x0000000089500000, 0x0000000089500000, 0x0000000089600000|  0%| F|  |TAMS 0x0000000089500000| PB 0x0000000089500000| Untracked 
|  74|0x0000000089600000, 0x0000000089600000, 0x0000000089700000|  0%| F|  |TAMS 0x0000000089600000| PB 0x0000000089600000| Untracked 
|  75|0x0000000089700000, 0x0000000089700000, 0x0000000089800000|  0%| F|  |TAMS 0x0000000089700000| PB 0x0000000089700000| Untracked 
|  76|0x0000000089800000, 0x0000000089800000, 0x0000000089900000|  0%| F|  |TAMS 0x0000000089800000| PB 0x0000000089800000| Untracked 
|  77|0x0000000089900000, 0x0000000089900000, 0x0000000089a00000|  0%| F|  |TAMS 0x0000000089900000| PB 0x0000000089900000| Untracked 
|  78|0x0000000089a00000, 0x0000000089a00000, 0x0000000089b00000|  0%| F|  |TAMS 0x0000000089a00000| PB 0x0000000089a00000| Untracked 
|  79|0x0000000089b00000, 0x0000000089b00000, 0x0000000089c00000|  0%| F|  |TAMS 0x0000000089b00000| PB 0x0000000089b00000| Untracked 
|  80|0x0000000089c00000, 0x0000000089c00000, 0x0000000089d00000|  0%| F|  |TAMS 0x0000000089c00000| PB 0x0000000089c00000| Untracked 
|  81|0x0000000089d00000, 0x0000000089d00000, 0x0000000089e00000|  0%| F|  |TAMS 0x0000000089d00000| PB 0x0000000089d00000| Untracked 
|  82|0x0000000089e00000, 0x0000000089e00000, 0x0000000089f00000|  0%| F|  |TAMS 0x0000000089e00000| PB 0x0000000089e00000| Untracked 
|  83|0x0000000089f00000, 0x0000000089f00000, 0x000000008a000000|  0%| F|  |TAMS 0x0000000089f00000| PB 0x0000000089f00000| Untracked 
|  84|0x000000008a000000, 0x000000008a000000, 0x000000008a100000|  0%| F|  |TAMS 0x000000008a000000| PB 0x000000008a000000| Untracked 
|  85|0x000000008a100000, 0x000000008a100000, 0x000000008a200000|  0%| F|  |TAMS 0x000000008a100000| PB 0x000000008a100000| Untracked 
|  86|0x000000008a200000, 0x000000008a200000, 0x000000008a300000|  0%| F|  |TAMS 0x000000008a200000| PB 0x000000008a200000| Untracked 
|  87|0x000000008a300000, 0x000000008a300000, 0x000000008a400000|  0%| F|  |TAMS 0x000000008a300000| PB 0x000000008a300000| Untracked 
|  88|0x000000008a400000, 0x000000008a400000, 0x000000008a500000|  0%| F|  |TAMS 0x000000008a400000| PB 0x000000008a400000| Untracked 
|  89|0x000000008a500000, 0x000000008a500000, 0x000000008a600000|  0%| F|  |TAMS 0x000000008a500000| PB 0x000000008a500000| Untracked 
|  90|0x000000008a600000, 0x000000008a600000, 0x000000008a700000|  0%| F|  |TAMS 0x000000008a600000| PB 0x000000008a600000| Untracked 
|  91|0x000000008a700000, 0x000000008a700000, 0x000000008a800000|  0%| F|  |TAMS 0x000000008a700000| PB 0x000000008a700000| Untracked 
|  92|0x000000008a800000, 0x000000008a800000, 0x000000008a900000|  0%| F|  |TAMS 0x000000008a800000| PB 0x000000008a800000| Untracked 
|  93|0x000000008a900000, 0x000000008a900000, 0x000000008aa00000|  0%| F|  |TAMS 0x000000008a900000| PB 0x000000008a900000| Untracked 
|  94|0x000000008aa00000, 0x000000008aa00000, 0x000000008ab00000|  0%| F|  |TAMS 0x000000008aa00000| PB 0x000000008aa00000| Untracked 
|  95|0x000000008ab00000, 0x000000008ab00000, 0x000000008ac00000|  0%| F|  |TAMS 0x000000008ab00000| PB 0x000000008ab00000| Untracked 
|  96|0x000000008ac00000, 0x000000008ac00000, 0x000000008ad00000|  0%| F|  |TAMS 0x000000008ac00000| PB 0x000000008ac00000| Untracked 
|  97|0x000000008ad00000, 0x000000008ad00000, 0x000000008ae00000|  0%| F|  |TAMS 0x000000008ad00000| PB 0x000000008ad00000| Untracked 
|  98|0x000000008ae00000, 0x000000008af00000, 0x000000008af00000|100%| S|CS|TAMS 0x000000008ae00000| PB 0x000000008ae00000| Complete 
|  99|0x000000008af00000, 0x000000008b000000, 0x000000008b000000|100%| S|CS|TAMS 0x000000008af00000| PB 0x000000008af00000| Complete 
| 100|0x000000008b000000, 0x000000008b100000, 0x000000008b100000|100%| S|CS|TAMS 0x000000008b000000| PB 0x000000008b000000| Complete 
| 101|0x000000008b100000, 0x000000008b100000, 0x000000008b200000|  0%| F|  |TAMS 0x000000008b100000| PB 0x000000008b100000| Untracked 
| 102|0x000000008b200000, 0x000000008b200000, 0x000000008b300000|  0%| F|  |TAMS 0x000000008b200000| PB 0x000000008b200000| Untracked 
| 103|0x000000008b300000, 0x000000008b300000, 0x000000008b400000|  0%| F|  |TAMS 0x000000008b300000| PB 0x000000008b300000| Untracked 
| 104|0x000000008b400000, 0x000000008b400000, 0x000000008b500000|  0%| F|  |TAMS 0x000000008b400000| PB 0x000000008b400000| Untracked 
| 105|0x000000008b500000, 0x000000008b500000, 0x000000008b600000|  0%| F|  |TAMS 0x000000008b500000| PB 0x000000008b500000| Untracked 
| 106|0x000000008b600000, 0x000000008b600000, 0x000000008b700000|  0%| F|  |TAMS 0x000000008b600000| PB 0x000000008b600000| Untracked 
| 107|0x000000008b700000, 0x000000008b700000, 0x000000008b800000|  0%| F|  |TAMS 0x000000008b700000| PB 0x000000008b700000| Untracked 
| 108|0x000000008b800000, 0x000000008b800000, 0x000000008b900000|  0%| F|  |TAMS 0x000000008b800000| PB 0x000000008b800000| Untracked 
| 109|0x000000008b900000, 0x000000008b900000, 0x000000008ba00000|  0%| F|  |TAMS 0x000000008b900000| PB 0x000000008b900000| Untracked 
| 110|0x000000008ba00000, 0x000000008ba00000, 0x000000008bb00000|  0%| F|  |TAMS 0x000000008ba00000| PB 0x000000008ba00000| Untracked 
| 111|0x000000008bb00000, 0x000000008bb00000, 0x000000008bc00000|  0%| F|  |TAMS 0x000000008bb00000| PB 0x000000008bb00000| Untracked 
| 112|0x000000008bc00000, 0x000000008bc00000, 0x000000008bd00000|  0%| F|  |TAMS 0x000000008bc00000| PB 0x000000008bc00000| Untracked 
| 113|0x000000008bd00000, 0x000000008bd00000, 0x000000008be00000|  0%| F|  |TAMS 0x000000008bd00000| PB 0x000000008bd00000| Untracked 
| 114|0x000000008be00000, 0x000000008be00000, 0x000000008bf00000|  0%| F|  |TAMS 0x000000008be00000| PB 0x000000008be00000| Untracked 
| 115|0x000000008bf00000, 0x000000008bf00000, 0x000000008c000000|  0%| F|  |TAMS 0x000000008bf00000| PB 0x000000008bf00000| Untracked 
| 116|0x000000008c000000, 0x000000008c000000, 0x000000008c100000|  0%| F|  |TAMS 0x000000008c000000| PB 0x000000008c000000| Untracked 
| 117|0x000000008c100000, 0x000000008c100000, 0x000000008c200000|  0%| F|  |TAMS 0x000000008c100000| PB 0x000000008c100000| Untracked 
| 118|0x000000008c200000, 0x000000008c200000, 0x000000008c300000|  0%| F|  |TAMS 0x000000008c200000| PB 0x000000008c200000| Untracked 
| 119|0x000000008c300000, 0x000000008c300000, 0x000000008c400000|  0%| F|  |TAMS 0x000000008c300000| PB 0x000000008c300000| Untracked 
| 120|0x000000008c400000, 0x000000008c400000, 0x000000008c500000|  0%| F|  |TAMS 0x000000008c400000| PB 0x000000008c400000| Untracked 
| 121|0x000000008c500000, 0x000000008c600000, 0x000000008c600000|100%| E|  |TAMS 0x000000008c500000| PB 0x000000008c500000| Complete 
| 122|0x000000008c600000, 0x000000008c700000, 0x000000008c700000|100%| E|CS|TAMS 0x000000008c600000| PB 0x000000008c600000| Complete 
| 123|0x000000008c700000, 0x000000008c800000, 0x000000008c800000|100%| E|CS|TAMS 0x000000008c700000| PB 0x000000008c700000| Complete 

Card table byte_map: [0x00000247450d0000,0x00000247454b0000] _byte_map_base: 0x0000024744caa000

Marking Bits: (CMBitMap*) 0x00000247397f3540
 Bits: [0x00000247454b0000, 0x0000024747380000)

Polling page: 0x00000247376c0000

Metaspace:

Usage:
  Non-class:      6.63 MB used.
      Class:    945.60 KB used.
       Both:      7.55 MB used.

Virtual space:
  Non-class space:       64.00 MB reserved,       6.75 MB ( 11%) committed,  1 nodes.
      Class space:        1.00 GB reserved,       1.06 MB ( <1%) committed,  1 nodes.
             Both:        1.06 GB reserved,       7.81 MB ( <1%) committed. 

Chunk freelists:
   Non-Class:  8.29 MB
       Class:  14.97 MB
        Both:  23.26 MB

MaxMetaspaceSize: unlimited
CompressedClassSpaceSize: 1.00 GB
Initial GC threshold: 21.00 MB
Current GC threshold: 21.00 MB
CDS: on
 - commit_granule_bytes: 65536.
 - commit_granule_words: 8192.
 - virtual_space_node_default_size: 8388608.
 - enlarge_chunks_in_place: 1.
 - use_allocation_guard: 0.


Internal statistics:

num_allocs_failed_limit: 0.
num_arena_births: 220.
num_arena_deaths: 0.
num_vsnodes_births: 2.
num_vsnodes_deaths: 0.
num_space_committed: 125.
num_space_uncommitted: 0.
num_chunks_returned_to_freelist: 0.
num_chunks_taken_from_freelist: 340.
num_chunk_merges: 0.
num_chunk_splits: 215.
num_chunks_enlarged: 125.
num_inconsistent_stats: 0.

CodeCache: size=49152Kb used=5306Kb max_used=5306Kb free=43845Kb
 bounds [0x0000024741be0000, 0x0000024742110000, 0x0000024744be0000]
 total_blobs=1995 nmethods=1512 adapters=405
 compilation: enabled
              stopped_count=0, restarted_count=0
 full_count=0

Compilation events (20 events):
Event: 1.142 Thread 0x000002478f0b14b0 1503       1       java.lang.invoke.InnerClassLambdaMetafactory::getOpcodeOffset (38 bytes)
Event: 1.142 Thread 0x000002478f0b0de0 nmethod 1501 0x0000024742107e90 code [0x0000024742108080, 0x0000024742108420]
Event: 1.142 Thread 0x0000024749e29d20 nmethod 1502 0x0000024742108610 code [0x00000247421087c0, 0x0000024742108bd0]
Event: 1.142 Thread 0x000002478f0b14b0 nmethod 1503 0x0000024742108c90 code [0x0000024742108e40, 0x0000024742109000]
Event: 1.143 Thread 0x0000024749e29d20 1504   !   1       java.lang.invoke.MethodHandleNatives::linkMethodHandleConstant (50 bytes)
Event: 1.143 Thread 0x000002478f0b14b0 1505       1       java.lang.invoke.MethodHandles$Lookup::linkMethodHandleConstant (223 bytes)
Event: 1.143 Thread 0x0000024749e29d20 nmethod 1504 0x0000024742109090 code [0x0000024742109260, 0x00000247421093d0]
Event: 1.143 Thread 0x000002478f0aebd0 1506       1       java.lang.invoke.DirectMethodHandle::make (21 bytes)
Event: 1.143 Thread 0x000002478f0aebd0 nmethod 1506 0x0000024742109510 code [0x00000247421096c0, 0x0000024742109838]
Event: 1.143 Thread 0x000002478f0aebd0 1507       1       java.lang.invoke.InvokerBytecodeGenerator::isStaticallyNameable (148 bytes)
Event: 1.143 Thread 0x000002478f0b14b0 nmethod 1505 0x0000024742109910 code [0x0000024742109c40, 0x000002474210a8b0]
Event: 1.144 Thread 0x000002478f0aebd0 nmethod 1507 0x000002474210ae90 code [0x000002474210b0c0, 0x000002474210b540]
Event: 1.144 Thread 0x000002478f0b0de0 1509       1       java.lang.ClassLoader::definePackage (85 bytes)
Event: 1.144 Thread 0x0000024749e29d20 1510       1       java.lang.invoke.MethodHandle::asType (32 bytes)
Event: 1.145 Thread 0x000002478f0b14b0 1511       1       jdk.internal.loader.BuiltinClassLoader::isSealed (71 bytes)
Event: 1.145 Thread 0x000002478f0aebd0 1512       1       java.lang.ClassLoader::compareCerts (197 bytes)
Event: 1.145 Thread 0x0000024749e29d20 nmethod 1510 0x000002474210ba10 code [0x000002474210bc20, 0x000002474210c010]
Event: 1.145 Thread 0x000002478f0aebd0 nmethod 1512 0x000002474210c190 code [0x000002474210c380, 0x000002474210c700]
Event: 1.145 Thread 0x000002478f0b0de0 nmethod 1509 0x000002474210c910 code [0x000002474210cb60, 0x000002474210d118]
Event: 1.145 Thread 0x000002478f0b14b0 nmethod 1511 0x000002474210d790 code [0x000002474210da80, 0x000002474210e3c8]

GC Heap History (2 events):
Event: 1.111 GC heap before
{Heap before GC invocations=0 (full 0):
 garbage-first heap   total 126976K, used 23552K [0x0000000084c00000, 0x0000000100000000)
  region size 1024K, 23 young (23552K), 0 survivors (0K)
 Metaspace       used 6973K, committed 7232K, reserved 1114112K
  class space    used 847K, committed 960K, reserved 1048576K
}
Event: 1.118 GC heap after
{Heap after GC invocations=1 (full 0):
 garbage-first heap   total 126976K, used 8192K [0x0000000084c00000, 0x0000000100000000)
  region size 1024K, 3 young (3072K), 3 survivors (3072K)
 Metaspace       used 6973K, committed 7232K, reserved 1114112K
  class space    used 847K, committed 960K, reserved 1048576K
}

Dll operation events (11 events):
Event: 0.011 Loaded shared library C:\Users\keega\.jdks\openjdk-21.0.1\bin\java.dll
Event: 0.139 Loaded shared library C:\Users\keega\.jdks\openjdk-21.0.1\bin\zip.dll
Event: 0.145 Loaded shared library C:\Users\keega\.jdks\openjdk-21.0.1\bin\instrument.dll
Event: 0.150 Loaded shared library C:\Users\keega\.jdks\openjdk-21.0.1\bin\net.dll
Event: 0.152 Loaded shared library C:\Users\keega\.jdks\openjdk-21.0.1\bin\nio.dll
Event: 0.155 Loaded shared library C:\Users\keega\.jdks\openjdk-21.0.1\bin\zip.dll
Event: 0.702 Loaded shared library C:\Program Files\JetBrains\IntelliJ IDEA 2023.2.2\bin\breakgen64.dll
Event: 0.707 Loaded shared library C:\Users\keega\.jdks\openjdk-21.0.1\bin\jimage.dll
Event: 0.710 Loaded shared library C:\Users\keega\.jdks\openjdk-21.0.1\bin\extnet.dll
Event: 0.723 Loaded shared library C:\Users\keega\.jdks\openjdk-21.0.1\bin\management.dll
Event: 0.734 Loaded shared library C:\Users\keega\.jdks\openjdk-21.0.1\bin\management_ext.dll

Deoptimization events (4 events):
Event: 0.835 Thread 0x000002473979d840 DEOPT PACKING pc=0x0000024741f51fdd sp=0x0000006a849fd0c0
Event: 0.835 Thread 0x000002473979d840 DEOPT UNPACKING pc=0x0000024741c388e2 sp=0x0000006a849fc570 mode 3
Event: 0.845 Thread 0x000002473979d840 DEOPT PACKING pc=0x0000024741ff80e0 sp=0x0000006a849fcfc0
Event: 0.845 Thread 0x000002473979d840 DEOPT UNPACKING pc=0x0000024741c388e2 sp=0x0000006a849fc478 mode 3

Classes loaded (20 events):
Event: 1.145 Loading class java/io/ObjectInputStream$PeekInputStream
Event: 1.145 Loading class java/io/ObjectInputStream$PeekInputStream done
Event: 1.145 Loading class java/io/ObjectInputStream$HandleTable
Event: 1.145 Loading class java/io/ObjectInputStream$HandleTable done
Event: 1.145 Loading class java/io/ObjectInputStream$HandleTable$HandleList
Event: 1.145 Loading class java/io/ObjectInputStream$HandleTable$HandleList done
Event: 1.145 Loading class java/io/ObjectInputStream$ValidationList
Event: 1.145 Loading class java/io/ObjectInputStream$ValidationList done
Event: 1.145 Loading class sun/rmi/transport/Transport$1
Event: 1.145 Loading class sun/rmi/transport/Transport$1 done
Event: 1.146 Loading class java/rmi/server/RMIClassLoader
Event: 1.146 Loading class java/rmi/server/RMIClassLoader done
Event: 1.146 Loading class java/rmi/server/RMIClassLoader$2
Event: 1.146 Loading class java/rmi/server/RMIClassLoaderSpi
Event: 1.146 Loading class java/rmi/server/RMIClassLoaderSpi done
Event: 1.146 Loading class java/rmi/server/RMIClassLoader$2 done
Event: 1.146 Loading class java/rmi/server/RMIClassLoader$1
Event: 1.146 Loading class java/rmi/server/RMIClassLoader$1 done
Event: 1.146 Loading class sun/rmi/server/LoaderHandler
Event: 1.146 Loading class sun/rmi/server/LoaderHandler done

Classes unloaded (0 events):
No events

Classes redefined (0 events):
No events

Internal exceptions (20 events):
Event: 0.780 Thread 0x000002473979d840 Exception <a 'java/lang/NoSuchMethodError'{0x000000008bec3c40}: 'int java.lang.invoke.DirectMethodHandle$Holder.invokeSpecial(java.lang.Object, java.lang.Object, java.lang.Object)'> (0x000000008bec3c40) 
thrown [s\open\src\hotspot\share\interpreter\linkResolver.cpp, line 773]
Event: 0.813 Thread 0x000002473979d840 Exception <a 'java/lang/NoSuchMethodError'{0x000000008bc0c158}: 'java.lang.Object java.lang.invoke.DirectMethodHandle$Holder.invokeStaticInit(java.lang.Object, java.lang.Object, java.lang.Object)'> (0x000000008bc0c158) 
thrown [s\open\src\hotspot\share\interpreter\linkResolver.cpp, line 773]
Event: 0.864 Thread 0x000002473979d840 Exception <a 'java/lang/NoSuchMethodError'{0x000000008b97cf98}: 'int java.lang.invoke.DirectMethodHandle$Holder.invokeSpecialIFC(java.lang.Object, java.lang.Object, java.lang.Object)'> (0x000000008b97cf98) 
thrown [s\open\src\hotspot\share\interpreter\linkResolver.cpp, line 773]
Event: 0.895 Thread 0x000002473979d840 Exception <a 'java/lang/NoSuchMethodError'{0x000000008b9ee960}: 'java.lang.Object java.lang.invoke.DirectMethodHandle$Holder.invokeStaticInit(java.lang.Object, int, int, int, int)'> (0x000000008b9ee960) 
thrown [s\open\src\hotspot\share\interpreter\linkResolver.cpp, line 773]
Event: 0.910 Thread 0x000002473979d840 Exception <a 'java/lang/NoSuchMethodError'{0x000000008b8c4b90}: 'java.lang.Object java.lang.invoke.DirectMethodHandle$Holder.invokeStaticInit(java.lang.Object, java.lang.Object, int, int, int, int)'> (0x000000008b8c4b90) 
thrown [s\open\src\hotspot\share\interpreter\linkResolver.cpp, line 773]
Event: 0.922 Thread 0x000002473979d840 Exception <a 'java/lang/ClassNotFoundException'{0x000000008b8e15a8}: javax/management/remote/rmi/RMIServerImpl_Skel> (0x000000008b8e15a8) 
thrown [s\open\src\hotspot\share\classfile\systemDictionary.cpp, line 312]
Event: 0.931 Thread 0x000002473979d840 Exception <a 'java/lang/NoSuchMethodError'{0x000000008b8fe470}: 'long java.lang.invoke.DirectMethodHandle$Holder.invokeSpecial(java.lang.Object, java.lang.Object)'> (0x000000008b8fe470) 
thrown [s\open\src\hotspot\share\interpreter\linkResolver.cpp, line 773]
Event: 0.931 Thread 0x000002473979d840 Exception <a 'java/lang/NoSuchMethodError'{0x000000008b702358}: 'long java.lang.invoke.Invokers$Holder.invokeExact_MT(java.lang.Object, java.lang.Object)'> (0x000000008b702358) 
thrown [s\open\src\hotspot\share\interpreter\linkResolver.cpp, line 773]
Event: 0.936 Thread 0x000002473979d840 Exception <a 'java/lang/NoSuchMethodError'{0x000000008b71b490}: 'void java.lang.invoke.DirectMethodHandle$Holder.invokeSpecial(java.lang.Object, java.lang.Object, java.lang.Object)'> (0x000000008b71b490) 
thrown [s\open\src\hotspot\share\interpreter\linkResolver.cpp, line 773]
Event: 0.994 Thread 0x000002473979d840 Exception <a 'java/lang/ClassNotFoundException'{0x000000008b6f2c68}: javax/smartcardio/CardPermission> (0x000000008b6f2c68) 
thrown [s\open\src\hotspot\share\classfile\systemDictionary.cpp, line 312]
Event: 0.997 Thread 0x000002473979d840 Exception <a 'java/io/FileNotFoundException'{0x000000008b5011c0}> (0x000000008b5011c0) 
thrown [s\open\src\hotspot\share\prims\jni.cpp, line 520]
Event: 1.012 Thread 0x000002473979d840 Exception <a 'java/lang/NoSuchMethodError'{0x000000008b5737e8}: 'java.lang.Object java.lang.invoke.DirectMethodHandle$Holder.invokeSpecial(java.lang.Object, java.lang.Object, java.lang.Object, long, java.lang.Object)'> (0x000000008b5737e8) 
thrown [s\open\src\hotspot\share\interpreter\linkResolver.cpp, line 773]
Event: 1.012 Thread 0x000002473979d840 Exception <a 'java/lang/NoSuchMethodError'{0x000000008b577148}: 'java.lang.Object java.lang.invoke.Invokers$Holder.linkToTargetMethod(java.lang.Object, long, java.lang.Object, java.lang.Object)'> (0x000000008b577148) 
thrown [s\open\src\hotspot\share\interpreter\linkResolver.cpp, line 773]
Event: 1.064 Thread 0x000002473979d840 Exception <a 'java/lang/NoSuchMethodError'{0x000000008b34cc00}: 'void java.lang.invoke.DirectMethodHandle$Holder.invokeStatic(java.lang.Object, java.lang.Object, java.lang.Object, java.lang.Object)'> (0x000000008b34cc00) 
thrown [s\open\src\hotspot\share\interpreter\linkResolver.cpp, line 773]
Event: 1.084 Thread 0x000002473979d840 Exception <a 'java/lang/NoSuchMethodError'{0x000000008b2558e0}: 'int java.lang.invoke.DirectMethodHandle$Holder.invokeStaticInit(java.lang.Object, java.lang.Object)'> (0x000000008b2558e0) 
thrown [s\open\src\hotspot\share\interpreter\linkResolver.cpp, line 773]
Event: 1.091 Thread 0x000002473979d840 Exception <a 'java/lang/NoSuchMethodError'{0x000000008b294030}: 'void java.lang.invoke.DirectMethodHandle$Holder.invokeInterface(java.lang.Object, java.lang.Object, java.lang.Object, java.lang.Object)'> (0x000000008b294030) 
thrown [s\open\src\hotspot\share\interpreter\linkResolver.cpp, line 773]
Event: 1.131 Thread 0x0000024749e25830 Exception <a 'java/lang/NoSuchMethodError'{0x000000008c6afde0}: 'java.lang.Object java.lang.invoke.Invokers$Holder.invokeExact_MT(java.lang.Object, java.lang.Object, java.lang.Object, java.lang.Object, java.lang.Object, java.lang.Object)'> (0x000000008c6afde0) 
thrown [s\open\src\hotspot\share\interpreter\linkResolver.cpp, line 773]
Event: 1.137 Thread 0x000002473979d840 Exception <a 'java/lang/NoSuchMethodError'{0x000000008c6629e8}: 'java.lang.Object java.lang.invoke.DirectMethodHandle$Holder.invokeInterface(java.lang.Object, java.lang.Object)'> (0x000000008c6629e8) 
thrown [s\open\src\hotspot\share\interpreter\linkResolver.cpp, line 773]
Event: 1.143 Thread 0x000002473979d840 Exception <a 'java/lang/NoSuchMethodError'{0x000000008c57c1f8}: 'java.lang.Object java.lang.invoke.DirectMethodHandle$Holder.invokeSpecialIFC(java.lang.Object, java.lang.Object, java.lang.Object, java.lang.Object)'> (0x000000008c57c1f8) 
thrown [s\open\src\hotspot\share\interpreter\linkResolver.cpp, line 773]
Event: 1.145 Thread 0x000002473979d840 Exception <a 'java/lang/NoSuchMethodError'{0x000000008c595048}: 'java.lang.Object java.lang.invoke.DirectMethodHandle$Holder.invokeInterface(java.lang.Object, java.lang.Object, java.lang.Object)'> (0x000000008c595048) 
thrown [s\open\src\hotspot\share\interpreter\linkResolver.cpp, line 773]

ZGC Phase Switch (0 events):
No events

VM Operations (16 events):
Event: 0.740 Executing VM operation: HandshakeAllThreads (Deoptimize)
Event: 0.740 Executing VM operation: HandshakeAllThreads (Deoptimize) done
Event: 0.874 Executing VM operation: HandshakeAllThreads (Deoptimize)
Event: 0.874 Executing VM operation: HandshakeAllThreads (Deoptimize) done
Event: 0.920 Executing VM operation: HandshakeAllThreads (Deoptimize)
Event: 0.920 Executing VM operation: HandshakeAllThreads (Deoptimize) done
Event: 0.938 Executing VM operation: HandshakeAllThreads (Deoptimize)
Event: 0.938 Executing VM operation: HandshakeAllThreads (Deoptimize) done
Event: 0.967 Executing VM operation: HandshakeAllThreads (Deoptimize)
Event: 0.967 Executing VM operation: HandshakeAllThreads (Deoptimize) done
Event: 0.970 Executing VM operation: HandshakeAllThreads (Deoptimize)
Event: 0.970 Executing VM operation: HandshakeAllThreads (Deoptimize) done
Event: 1.104 Executing VM operation: ICBufferFull
Event: 1.104 Executing VM operation: ICBufferFull done
Event: 1.111 Executing VM operation: G1CollectForAllocation (G1 Evacuation Pause)
Event: 1.118 Executing VM operation: G1CollectForAllocation (G1 Evacuation Pause) done

Events (16 events):
Event: 0.031 Thread 0x000002473979d840 Thread added: 0x000002473979d840
Event: 0.049 Thread 0x0000024749e20200 Thread added: 0x0000024749e20200
Event: 0.050 Thread 0x0000024749e210d0 Thread added: 0x0000024749e210d0
Event: 0.050 Thread 0x0000024749e239e0 Thread added: 0x0000024749e239e0
Event: 0.050 Thread 0x0000024749e25830 Thread added: 0x0000024749e25830
Event: 0.050 Thread 0x0000024749e26440 Thread added: 0x0000024749e26440
Event: 0.050 Thread 0x0000024749e26ea0 Thread added: 0x0000024749e26ea0
Event: 0.050 Thread 0x0000024749e29d20 Thread added: 0x0000024749e29d20
Event: 0.121 Thread 0x000002478f04f3b0 Thread added: 0x000002478f04f3b0
Event: 0.127 Thread 0x000002478f0b14b0 Thread added: 0x000002478f0b14b0
Event: 0.127 Thread 0x000002478f0aebd0 Thread added: 0x000002478f0aebd0
Event: 0.702 Thread 0x000002478f56b410 Thread added: 0x000002478f56b410
Event: 0.702 Thread 0x000002478f56ba80 Thread added: 0x000002478f56ba80
Event: 0.838 Thread 0x000002478f0b0de0 Thread added: 0x000002478f0b0de0
Event: 0.928 Thread 0x000002478f82bc50 Thread added: 0x000002478f82bc50
Event: 1.139 Thread 0x000002478fb37c80 Thread added: 0x000002478fb37c80


Dynamic libraries:
0x00007ff682bd0000 - 0x00007ff682bde000 	C:\Users\keega\.jdks\openjdk-21.0.1\bin\java.exe
0x00007ffbdb990000 - 0x00007ffbdbb88000 	C:\Windows\SYSTEM32\ntdll.dll
0x00007ffbda5f0000 - 0x00007ffbda6ad000 	C:\Windows\System32\KERNEL32.DLL
0x00007ffbd9430000 - 0x00007ffbd9726000 	C:\Windows\System32\KERNELBASE.dll
0x00007ffbd9730000 - 0x00007ffbd9830000 	C:\Windows\System32\ucrtbase.dll
0x00007ffbc3de0000 - 0x00007ffbc3dfb000 	C:\Users\keega\.jdks\openjdk-21.0.1\bin\VCRUNTIME140.dll
0x00007ffbca1f0000 - 0x00007ffbca208000 	C:\Users\keega\.jdks\openjdk-21.0.1\bin\jli.dll
0x00007ffbdac20000 - 0x00007ffbdadbe000 	C:\Windows\System32\USER32.dll
0x00007ffbd98e0000 - 0x00007ffbd9902000 	C:\Windows\System32\win32u.dll
0x00007ffbc0380000 - 0x00007ffbc061a000 	C:\Windows\WinSxS\amd64_microsoft.windows.common-controls_6595b64144ccf1df_6.0.19041.3636_none_60b6a03d71f818d5\COMCTL32.dll
0x00007ffbda6b0000 - 0x00007ffbda6dc000 	C:\Windows\System32\GDI32.dll
0x00007ffbdab80000 - 0x00007ffbdac1e000 	C:\Windows\System32\msvcrt.dll
0x00007ffbd90d0000 - 0x00007ffbd91ea000 	C:\Windows\System32\gdi32full.dll
0x00007ffbd9940000 - 0x00007ffbd99dd000 	C:\Windows\System32\msvcp_win.dll
0x00007ffbdb050000 - 0x00007ffbdb080000 	C:\Windows\System32\IMM32.DLL
0x00007ffbca850000 - 0x00007ffbca85c000 	C:\Users\keega\.jdks\openjdk-21.0.1\bin\vcruntime140_1.dll
0x00007ffb90bb0000 - 0x00007ffb90c3e000 	C:\Users\keega\.jdks\openjdk-21.0.1\bin\msvcp140.dll
0x00007ffb67530000 - 0x00007ffb68245000 	C:\Users\keega\.jdks\openjdk-21.0.1\bin\server\jvm.dll
0x00007ffbda6e0000 - 0x00007ffbda793000 	C:\Windows\System32\ADVAPI32.dll
0x00007ffbd9b90000 - 0x00007ffbd9c2f000 	C:\Windows\System32\sechost.dll
0x00007ffbdb700000 - 0x00007ffbdb826000 	C:\Windows\System32\RPCRT4.dll
0x00007ffbd9910000 - 0x00007ffbd9937000 	C:\Windows\System32\bcrypt.dll
0x00007ffbdab00000 - 0x00007ffbdab6b000 	C:\Windows\System32\WS2_32.dll
0x00007ffbd8580000 - 0x00007ffbd85cb000 	C:\Windows\SYSTEM32\POWRPROF.dll
0x00007ffbc7c30000 - 0x00007ffbc7c57000 	C:\Windows\SYSTEM32\WINMM.dll
0x00007ffbcf830000 - 0x00007ffbcf83a000 	C:\Windows\SYSTEM32\VERSION.dll
0x00007ffbd8430000 - 0x00007ffbd8442000 	C:\Windows\SYSTEM32\UMPDC.dll
0x00007ffbd7860000 - 0x00007ffbd7872000 	C:\Windows\SYSTEM32\kernel.appcore.dll
0x00007ffbca6d0000 - 0x00007ffbca6da000 	C:\Users\keega\.jdks\openjdk-21.0.1\bin\jimage.dll
0x00007ffbd7580000 - 0x00007ffbd7764000 	C:\Windows\SYSTEM32\DBGHELP.DLL
0x00007ffbcb750000 - 0x00007ffbcb784000 	C:\Windows\SYSTEM32\dbgcore.DLL
0x00007ffbd9240000 - 0x00007ffbd92c2000 	C:\Windows\System32\bcryptPrimitives.dll
0x00007ffbd2240000 - 0x00007ffbd224f000 	C:\Users\keega\.jdks\openjdk-21.0.1\bin\instrument.dll
0x00007ffbc3dc0000 - 0x00007ffbc3ddf000 	C:\Users\keega\.jdks\openjdk-21.0.1\bin\java.dll
0x00007ffbd9c90000 - 0x00007ffbda3d5000 	C:\Windows\System32\SHELL32.dll
0x00007ffbd6b10000 - 0x00007ffbd72ab000 	C:\Windows\SYSTEM32\windows.storage.dll
0x00007ffbda7a0000 - 0x00007ffbdaaf4000 	C:\Windows\System32\combase.dll
0x00007ffbd89b0000 - 0x00007ffbd89dd000 	C:\Windows\SYSTEM32\Wldp.dll
0x00007ffbd9ae0000 - 0x00007ffbd9b8d000 	C:\Windows\System32\SHCORE.dll
0x00007ffbd9a60000 - 0x00007ffbd9ab5000 	C:\Windows\System32\shlwapi.dll
0x00007ffbd8f90000 - 0x00007ffbd8fb5000 	C:\Windows\SYSTEM32\profapi.dll
0x00007ffbc1bf0000 - 0x00007ffbc1c08000 	C:\Users\keega\.jdks\openjdk-21.0.1\bin\zip.dll
0x00007ffbca480000 - 0x00007ffbca490000 	C:\Users\keega\.jdks\openjdk-21.0.1\bin\net.dll
0x00007ffbd1390000 - 0x00007ffbd149a000 	C:\Windows\SYSTEM32\WINHTTP.dll
0x00007ffbd8790000 - 0x00007ffbd87fa000 	C:\Windows\system32\mswsock.dll
0x00007ffbc3d80000 - 0x00007ffbc3d96000 	C:\Users\keega\.jdks\openjdk-21.0.1\bin\nio.dll
0x00007ffbc9920000 - 0x00007ffbc993a000 	C:\Program Files\JetBrains\IntelliJ IDEA 2023.2.2\bin\breakgen64.dll
0x00007ffbc28d0000 - 0x00007ffbc28d7000 	C:\Users\keega\.jdks\openjdk-21.0.1\bin\extnet.dll
0x00007ffbd8490000 - 0x00007ffbd855a000 	C:\Windows\SYSTEM32\DNSAPI.dll
0x00007ffbd8450000 - 0x00007ffbd848b000 	C:\Windows\SYSTEM32\IPHLPAPI.DLL
0x00007ffbda3e0000 - 0x00007ffbda3e8000 	C:\Windows\System32\NSI.dll
0x000000005f1d0000 - 0x000000005f1f6000 	C:\Program Files\Bonjour\mdnsNSP.dll
0x00007ffbceeb0000 - 0x00007ffbceeba000 	C:\Windows\System32\rasadhlp.dll
0x00007ffbce540000 - 0x00007ffbce5c0000 	C:\Windows\System32\fwpuclnt.dll
0x00007ffbd0bf0000 - 0x00007ffbd0bfa000 	C:\Users\keega\.jdks\openjdk-21.0.1\bin\management.dll
0x00007ffbd0be0000 - 0x00007ffbd0beb000 	C:\Users\keega\.jdks\openjdk-21.0.1\bin\management_ext.dll
0x00007ffbdb5c0000 - 0x00007ffbdb5c8000 	C:\Windows\System32\PSAPI.DLL
0x00007ffbd89f0000 - 0x00007ffbd8a08000 	C:\Windows\SYSTEM32\CRYPTSP.dll
0x00007ffbd8070000 - 0x00007ffbd80a4000 	C:\Windows\system32\rsaenh.dll
0x00007ffbd8f50000 - 0x00007ffbd8f7e000 	C:\Windows\SYSTEM32\USERENV.dll
0x00007ffbd8920000 - 0x00007ffbd892c000 	C:\Windows\SYSTEM32\CRYPTBASE.dll
0x00007ffbaa130000 - 0x00007ffbaa147000 	C:\Windows\system32\napinsp.dll
0x00007ffbaa0a0000 - 0x00007ffbaa0bb000 	C:\Windows\system32\pnrpnsp.dll
0x00007ffbd1370000 - 0x00007ffbd1385000 	C:\Windows\system32\wshbth.dll
0x00007ffbd2120000 - 0x00007ffbd213d000 	C:\Windows\system32\NLAapi.dll
0x00007ffbaa080000 - 0x00007ffbaa092000 	C:\Windows\System32\winrnr.dll

dbghelp: loaded successfully - version: 4.0.5 - missing functions: none
symbol engine: initialized successfully - sym options: 0x614 - pdb path: .;C:\Users\keega\.jdks\openjdk-21.0.1\bin;C:\Windows\SYSTEM32;C:\Windows\WinSxS\amd64_microsoft.windows.common-controls_6595b64144ccf1df_6.0.19041.3636_none_60b6a03d71f818d5;C:\Users\keega\.jdks\openjdk-21.0.1\bin\server;C:\Program Files\JetBrains\IntelliJ IDEA 2023.2.2\bin;C:\Program Files\Bonjour

VM Arguments:
jvm_args: -XX:TieredStopAtLevel=1 -Dspring.output.ansi.enabled=always -Dcom.sun.management.jmxremote -Dspring.jmx.enabled=true -Dspring.liveBeansView.mbeanDomain -Dspring.application.admin.enabled=true -Dmanagement.endpoints.jmx.exposure.include=* -javaagent:C:\Program Files\JetBrains\IntelliJ IDEA 2023.2.2\lib\idea_rt.jar=54524:C:\Program Files\JetBrains\IntelliJ IDEA 2023.2.2\bin -Dfile.encoding=UTF-8 -Dsun.stdout.encoding=UTF-8 -Dsun.stderr.encoding=UTF-8 
java_command: org.example.DataAnalyserMicroserviceApplication
java_class_path (initial): C:\pg\java\SPRING\KafkaMicroservice\data-analyser-microservice\target\classes;C:\Users\keega\.m2\repository\org\springframework\boot\spring-boot-starter-web\3.2.2\spring-boot-starter-web-3.2.2.jar;C:\Users\keega\.m2\repository\org\springframework\boot\spring-boot-starter\3.2.2\spring-boot-starter-3.2.2.jar;C:\Users\keega\.m2\repository\org\springframework\boot\spring-boot\3.2.2\spring-boot-3.2.2.jar;C:\Users\keega\.m2\repository\org\springframework\boot\spring-boot-autoconfigure\3.2.2\spring-boot-autoconfigure-3.2.2.jar;C:\Users\keega\.m2\repository\org\springframework\boot\spring-boot-starter-logging\3.2.2\spring-boot-starter-logging-3.2.2.jar;C:\Users\keega\.m2\repository\ch\qos\logback\logback-classic\1.4.14\logback-classic-1.4.14.jar;C:\Users\keega\.m2\repository\ch\qos\logback\logback-core\1.4.14\logback-core-1.4.14.jar;C:\Users\keega\.m2\repository\org\apache\logging\log4j\log4j-to-slf4j\2.21.1\log4j-to-slf4j-2.21.1.jar;C:\Users\keega\.m2\repository\org\apache\logging\log4j\log4j-api\2.21.1\log4j-api-2.21.1.jar;C:\Users\keega\.m2\repository\org\slf4j\jul-to-slf4j\2.0.11\jul-to-slf4j-2.0.11.jar;C:\Users\keega\.m2\repository\jakarta\annotation\jakarta.annotation-api\2.1.1\jakarta.annotation-api-2.1.1.jar;C:\Users\keega\.m2\repository\org\springframework\boot\spring-boot-starter-json\3.2.2\spring-boot-starter-json-3.2.2.jar;C:\Users\keega\.m2\repository\com\fasterxml\jackson\core\jackson-databind\2.15.3\jackson-databind-2.15.3.jar;C:\Users\keega\.m2\repository\com\fasterxml\jackson\core\jackson-annotations\2.15.3\jackson-annotations-2.15.3.jar;C:\Users\keega\.m2\repository\com\fasterxml\jackson\core\jackson-core\2.15.3\jackson-core-2.15.3.jar;C:\Users\keega\.m2\repository\com\fasterxml\jackson\datatype\jackson-datatype-jdk8\2.15.3\jackson-datatype-jdk8-2.15.3.jar;C:\Users\keega\.m2\repository\com\fasterxml\jackson\datatype\jackson-datatype-jsr310\2.15.3\jackson-datatype-jsr310-2.15.3.jar;C:\Users\keega\.m2\repository\com\fasterxml\jackson\module\jackson-module-parameter-names\2.15.3\jackson-module-parameter-names-2.15.3.jar;C:\Users\keega\.m2\repository\org\springframework\boot\spring-boot-starter-tomcat\3.2.2\spring-boot-starter-tomcat-3.2.2.jar;C:\Users\keega\.m2\repository\org\apache\tomcat\embed\tomcat-embed-core\10.1.18\tomcat-embed-core-10.1.18.jar;C:\Users\keega\.m2\repository\org\apache\tomcat\embed\tomcat-embed-el\10.1.18\tomcat-embed-el-10.1.18.jar;C:\Users\keega\.m2\repository\org\apache\tomcat\embed\tomcat-embed-websocket\10.1.18\tomcat-embed-websocket-10.1.18.jar;C:\Users\keega\.m2\repository\org\springframework\spring-web\6.1.3\spring-web-6.1.3.jar;C:\Users\keega\.m2\repository\org\springframework\spring-beans\6.1.3\spring-beans-6.1.3.jar;C:\Users\keega\.m2\repository\org\springframework\spring-webmvc\6.1.3\spring-webmvc-6.1.3.jar;C:\Users\keega\.m2\repository\org\springframework\spring-aop\6.1.3\spring-aop-6.1.3.jar;C:\Users\keega\.m2\repository\org\springframework\spring-expression\6.1.3\spring-expression-6.1.3.jar;C:\Users\keega\.m2\repository\org\projectlombok\lombok\1.18.30\lombok-1.18.30.jar;C:\Users\keega\.m2\repository\org\slf4j\slf4j-api\2.0.11\slf4j-api-2.0.11.jar;C:\Users\keega\.m2\repository\jakarta\xml\bind\jakarta.xml.bind-api\4.0.1\jakarta.xml.bind-api-4.0.1.jar;C:\Users\keega\.m2\repository\jakarta\activation\jakarta.activation-api\2.1.2\jakarta.activation-api-2.1.2.jar;C:\Users\keega\.m2\repository\net\bytebuddy\byte-buddy\1.14.11\byte-buddy-1.14.11.jar;C:\Users\keega\.m2\repository\org\mockito\mockito-core\5.7.0\mockito-core-5.7.0.jar;C:\Users\keega\.m2\repository\net\bytebuddy\byte-buddy-agent\1.14.11\byte-buddy-agent-1.14.11.jar;C:\Users\keega\.m2\repository\org\objenesis\objenesis\3.3\objenesis-3.3.jar;C:\Users\keega\.m2\repository\org\springframework\spring-core\6.1.3\spring-core-6.1.3.jar;C:\Users\keega\.m2\repository\org\springframework\spring-jcl\6.1.3\spring-jcl-6.1.3.jar;C:\Users\keega\.m2\repository\org\postgresql\postgresql\42.7.1\postgresql-42.7.1.jar;C:\Users\keega\.m2\repository\org\checkerframework\checker-qual\3.41.0\checker-qual-3.41.0.jar;C:\Users\keega\.m2\repository\org\liquibase\liquibase-core\4.25.1\liquibase-core-4.25.1.jar;C:\Users\keega\.m2\repository\com\opencsv\opencsv\5.8\opencsv-5.8.jar;C:\Users\keega\.m2\repository\org\apache\commons\commons-lang3\3.13.0\commons-lang3-3.13.0.jar;C:\Users\keega\.m2\repository\org\apache\commons\commons-text\1.10.0\commons-text-1.10.0.jar;C:\Users\keega\.m2\repository\org\apache\commons\commons-collections4\4.4\commons-collections4-4.4.jar;C:\Users\keega\.m2\repository\org\yaml\snakeyaml\2.2\snakeyaml-2.2.jar;C:\Users\keega\.m2\repository\javax\xml\bind\jaxb-api\2.3.1\jaxb-api-2.3.1.jar;C:\Users\keega\.m2\repository\org\springframework\kafka\spring-kafka\3.1.1\spring-kafka-3.1.1.jar;C:\Users\keega\.m2\repository\org\springframework\spring-context\6.1.3\spring-context-6.1.3.jar;C:\Users\keega\.m2\repository\org\springframework\spring-messaging\6.1.3\spring-messaging-6.1.3.jar;C:\Users\keega\.m2\repository\org\springframework\spring-tx\6.1.3\spring-tx-6.1.3.jar;C:\Users\keega\.m2\repository\org\springframework\retry\spring-retry\2.0.5\spring-retry-2.0.5.jar;C:\Users\keega\.m2\repository\org\apache\kafka\kafka-clients\3.6.1\kafka-clients-3.6.1.jar;C:\Users\keega\.m2\repository\com\github\luben\zstd-jni\1.5.5-1\zstd-jni-1.5.5-1.jar;C:\Users\keega\.m2\repository\org\lz4\lz4-java\1.8.0\lz4-java-1.8.0.jar;C:\Users\keega\.m2\repository\org\xerial\snappy\snappy-java\1.1.10.5\snappy-java-1.1.10.5.jar;C:\Users\keega\.m2\repository\io\micrometer\micrometer-observation\1.12.2\micrometer-observation-1.12.2.jar;C:\Users\keega\.m2\repository\io\micrometer\micrometer-commons\1.12.2\micrometer-commons-1.12.2.jar;C:\Users\keega\.m2\repository\com\google\code\findbugs\jsr305\3.0.2\jsr305-3.0.2.jar;C:\Users\keega\.m2\repository\io\projectreactor\kafka\reactor-kafka\1.3.22\reactor-kafka-1.3.22.jar;C:\Users\keega\.m2\repository\io\projectreactor\reactor-core\3.6.2\reactor-core-3.6.2.jar;C:\Users\keega\.m2\repository\org\reactivestreams\reactive-streams\1.0.4\reactive-streams-1.0.4.jar;C:\Users\keega\.m2\repository\com\jcabi\jcabi-xml\0.29.0\jcabi-xml-0.29.0.jar;C:\Users\keega\.m2\repository\com\jcabi\jcabi-log\0.23.0\jcabi-log-0.23.0.jar;C:\Users\keega\.m2\repository\org\cactoos\cactoos\0.55.0\cactoos-0.55.0.jar;C:\Users\keega\.m2\repository\com\google\code\gson\gson\2.10.1\gson-2.10.1.jar;C:\Users\keega\.m2\repository\org\springframework\boot\spring-boot-starter-data-jpa\3.2.2\spring-boot-starter-data-jpa-3.2.2.jar;C:\Users\keega\.m2\repository\org\springframework\boot\spring-boot-starter-aop\3.2.2\spring-boot-starter-aop-3.2.2.jar;C:\Users\keega\.m2\repository\org\aspectj\aspectjweaver\1.9.21\aspectjweaver-1.9.21.jar;C:\Users\keega\.m2\repository\org\springframework\boot\spring-boot-starter-jdbc\3.2.2\spring-boot-starter-jdbc-3.2.2.jar;C:\Users\keega\.m2\repository\com\zaxxer\HikariCP\5.0.1\HikariCP-5.0.1.jar;C:\Users\keega\.m2\repository\org\springframework\spring-jdbc\6.1.3\spring-jdbc-6.1.3.jar;C:\Users\keega\.m2\repository\org\hibernate\orm\hibernate-core\6.4.1.Final\hibernate-core-6.4.1.Final.jar;C:\Users\keega\.m2\repository\jakarta\persistence\jakarta.persistence-api\3.1.0\jakarta.persistence-api-3.1.0.jar;C:\Users\keega\.m2\repository\jakarta\transaction\jakarta.transaction-api\2.0.1\jakarta.transaction-api-2.0.1.jar;C:\Users\keega\.m2\repository\org\jboss\logging\jboss-logging\3.5.3.Final\jboss-logging-3.5.3.Final.jar;C:\Users\keega\.m2\repository\org\hibernate\common\hibernate-commons-annotations\6.0.6.Final\hibernate-commons-annotations-6.0.6.Final.jar;C:\Users\keega\.m2\repository\io\smallrye\jandex\3.1.2\jandex-3.1.2.jar;C:\Users\keega\.m2\repository\com\fasterxml\classmate\1.6.0\classmate-1.6.0.jar;C:\Users\keega\.m2\repository\org\glassfish\jaxb\jaxb-runtime\4.0.4\jaxb-runtime-4.0.4.jar;C:\Users\keega\.m2\repository\org\glassfish\jaxb\jaxb-core\4.0.4\jaxb-core-4.0.4.jar;C:\Users\keega\.m2\repository\org\eclipse\angus\angus-activation\2.0.1\angus-activation-2.0.1.jar;C:\Users\keega\.m2\repository\org\glassfish\jaxb\txw2\4.0.4\txw2-4.0.4.jar;C:\Users\keega\.m2\repository\com\sun\istack\istack-commons-runtime\4.1.2\istack-commons-runtime-4.1.2.jar;C:\Users\keega\.m2\repository\jakarta\inject\jakarta.inject-api\2.0.1\jakarta.inject-api-2.0.1.jar;C:\Users\keega\.m2\repository\org\antlr\antlr4-runtime\4.13.0\antlr4-runtime-4.13.0.jar;C:\Users\keega\.m2\repository\org\springframework\data\spring-data-jpa\3.2.2\spring-data-jpa-3.2.2.jar;C:\Users\keega\.m2\repository\org\springframework\data\spring-data-commons\3.2.2\spring-data-commons-3.2.2.jar;C:\Users\keega\.m2\repository\org\springframework\spring-orm\6.1.3\spring-orm-6.1.3.jar;C:\Users\keega\.m2\repository\org\springframework\spring-aspects\6.1.3\spring-aspects-6.1.3.jar
Launcher Type: SUN_STANDARD

[Global flags]
     intx CICompilerCount                          = 4                                         {product} {ergonomic}
     uint ConcGCThreads                            = 2                                         {product} {ergonomic}
     uint G1ConcRefinementThreads                  = 8                                         {product} {ergonomic}
   size_t G1HeapRegionSize                         = 1048576                                   {product} {ergonomic}
    uintx GCDrainStackTargetSize                   = 64                                        {product} {ergonomic}
   size_t InitialHeapSize                          = 130023424                                 {product} {ergonomic}
     bool ManagementServer                         = true                                      {product} {command line}
   size_t MarkStackSize                            = 4194304                                   {product} {ergonomic}
   size_t MaxHeapSize                              = 2067791872                                {product} {ergonomic}
   size_t MaxNewSize                               = 1240465408                                {product} {ergonomic}
   size_t MinHeapDeltaBytes                        = 1048576                                   {product} {ergonomic}
   size_t MinHeapSize                              = 8388608                                   {product} {ergonomic}
    uintx NonNMethodCodeHeapSize                   = 4096                                   {pd product} {ergonomic}
    uintx NonProfiledCodeHeapSize                  = 0                                      {pd product} {ergonomic}
     bool ProfileInterpreter                       = false                                  {pd product} {command line}
    uintx ProfiledCodeHeapSize                     = 0                                      {pd product} {ergonomic}
   size_t SoftMaxHeapSize                          = 2067791872                             {manageable} {ergonomic}
     intx TieredStopAtLevel                        = 1                                         {product} {command line}
     bool UseCompressedOops                        = true                           {product lp64_product} {ergonomic}
     bool UseG1GC                                  = true                                      {product} {ergonomic}
     bool UseLargePagesIndividualAllocation        = false                                  {pd product} {ergonomic}

Logging:
Log output configuration:
 #0: stdout all=warning uptime,level,tags foldmultilines=false
 #1: stderr all=off uptime,level,tags foldmultilines=false

Environment Variables:
PATH=C:\ProgramData\Oracle\Java\javapath;C:\Windows\system32;C:\Windows;C:\Windows\System32\Wbem;C:\Windows\System32\WindowsPowerShell\v1.0\;C:\Windows\System32\OpenSSH\;C:\Program Files\NVIDIA Corporation\NVIDIA NvDLISR;C:\Program Files (x86)\NVIDIA Corporation\PhysX\Common;C:\Program Files\dotnet\;C:\Program Files\nodejs\;C:\Program Files\Git\cmd;C:\Program Files\Docker\Docker\resources\bin;C:\Users\keega\AppData\Local\Microsoft\WindowsApps;;C:\Users\keega\AppData\Local\Programs\Microsoft VS Code\bin;C:\Program Files\JetBrains\IntelliJ IDEA 2023.2.2\bin;;C:\Users\keega\AppData\Local\Programs\mongosh\;C:\Users\keega\AppData\Roaming\npm
USERNAME=keega
OS=Windows_NT
PROCESSOR_IDENTIFIER=Intel64 Family 6 Model 140 Stepping 1, GenuineIntel
TMP=C:\Users\keega\AppData\Local\Temp
TEMP=C:\Users\keega\AppData\Local\Temp




Periodic native trim disabled

---------------  S Y S T E M  ---------------

OS:
 Windows 10 , 64 bit Build 19041 (10.0.19041.3636)
OS uptime: 0 days 17:18 hours
Hyper-V role detected

CPU: total 8 (initial active 8) (4 cores per cpu, 2 threads per core) family 6 model 140 stepping 1 microcode 0x86, cx8, cmov, fxsr, ht, mmx, 3dnowpref, sse, sse2, sse3, ssse3, sse4.1, sse4.2, popcnt, lzcnt, tsc, tscinvbit, avx, avx2, aes, erms, clmul, bmi1, bmi2, adx, avx512f, avx512dq, avx512cd, avx512bw, avx512vl, sha, fma, vzeroupper, avx512_vpopcntdq, avx512_vpclmulqdq, avx512_vaes, avx512_vnni, clflush, clflushopt, clwb, avx512_vbmi2, avx512_vbmi, hv, rdtscp, rdpid, fsrm, gfni, avx512_bitalg, f16c, cet_ibt, cet_ss, avx512_ifma
Processor Information for all 8 processors :
  Max Mhz: 3110, Current Mhz: 3110, Mhz Limit: 3110

Memory: 4k page, system-wide physical 7883M (608M free)
TotalPageFile size 16075M (AvailPageFile size 0M)
current process WorkingSet (physical memory assigned to process): 83M, peak: 83M
current process commit charge ("private bytes"): 221M, peak: 221M

vm_info: OpenJDK 64-Bit Server VM (21.0.1+12-29) for windows-amd64 JRE (21.0.1+12-29), built on 2023-10-05T13:27:09Z by "mach5one" with MS VC++ 17.1 (VS2022)

END.
